{"/Users/paul.fournet/Work/mcp/dynamic-mcp/server/src/custom-embedding-provider.ts": {"path":"/Users/paul.fournet/Work/mcp/dynamic-mcp/server/src/custom-embedding-provider.ts","statementMap":{"0":{"start":{"line":27,"column":4},"end":{"line":27,"column":null}},"1":{"start":{"line":28,"column":4},"end":{"line":28,"column":null}},"2":{"start":{"line":29,"column":4},"end":{"line":29,"column":null}},"3":{"start":{"line":38,"column":4},"end":{"line":70,"column":null}},"4":{"start":{"line":40,"column":27},"end":{"line":40,"column":null}},"5":{"start":{"line":43,"column":23},"end":{"line":53,"column":null}},"6":{"start":{"line":55,"column":6},"end":{"line":57,"column":null}},"7":{"start":{"line":56,"column":8},"end":{"line":56,"column":null}},"8":{"start":{"line":59,"column":24},"end":{"line":59,"column":null}},"9":{"start":{"line":62,"column":6},"end":{"line":64,"column":null}},"10":{"start":{"line":63,"column":8},"end":{"line":63,"column":null}},"11":{"start":{"line":66,"column":6},"end":{"line":66,"column":null}},"12":{"start":{"line":68,"column":6},"end":{"line":68,"column":null}},"13":{"start":{"line":69,"column":6},"end":{"line":69,"column":null}},"14":{"start":{"line":79,"column":23},"end":{"line":79,"column":null}},"15":{"start":{"line":80,"column":34},"end":{"line":80,"column":null}},"16":{"start":{"line":82,"column":4},"end":{"line":120,"column":null}},"17":{"start":{"line":82,"column":23},"end":{"line":82,"column":26}},"18":{"start":{"line":83,"column":6},"end":{"line":119,"column":null}},"19":{"start":{"line":85,"column":30},"end":{"line":85,"column":null}},"20":{"start":{"line":85,"column":45},"end":{"line":85,"column":62}},"21":{"start":{"line":88,"column":25},"end":{"line":98,"column":null}},"22":{"start":{"line":100,"column":8},"end":{"line":102,"column":null}},"23":{"start":{"line":101,"column":10},"end":{"line":101,"column":null}},"24":{"start":{"line":104,"column":26},"end":{"line":104,"column":null}},"25":{"start":{"line":107,"column":8},"end":{"line":109,"column":null}},"26":{"start":{"line":108,"column":10},"end":{"line":108,"column":null}},"27":{"start":{"line":111,"column":8},"end":{"line":111,"column":null}},"28":{"start":{"line":111,"column":44},"end":{"line":111,"column":76}},"29":{"start":{"line":113,"column":8},"end":{"line":113,"column":null}},"30":{"start":{"line":114,"column":8},"end":{"line":118,"column":null}},"31":{"start":{"line":115,"column":24},"end":{"line":115,"column":null}},"32":{"start":{"line":116,"column":10},"end":{"line":116,"column":null}},"33":{"start":{"line":117,"column":10},"end":{"line":117,"column":null}},"34":{"start":{"line":117,"column":33},"end":{"line":117,"column":53}},"35":{"start":{"line":122,"column":4},"end":{"line":122,"column":null}},"36":{"start":{"line":123,"column":4},"end":{"line":123,"column":null}},"37":{"start":{"line":127,"column":4},"end":{"line":127,"column":null}},"38":{"start":{"line":134,"column":4},"end":{"line":145,"column":null}},"39":{"start":{"line":136,"column":23},"end":{"line":136,"column":null}},"40":{"start":{"line":137,"column":6},"end":{"line":137,"column":null}},"41":{"start":{"line":137,"column":24},"end":{"line":137,"column":null}},"42":{"start":{"line":139,"column":24},"end":{"line":139,"column":null}},"43":{"start":{"line":141,"column":6},"end":{"line":141,"column":null}},"44":{"start":{"line":143,"column":6},"end":{"line":143,"column":null}},"45":{"start":{"line":144,"column":6},"end":{"line":144,"column":null}}},"fnMap":{"0":{"name":"(anonymous_0)","decl":{"start":{"line":26,"column":2},"end":{"line":26,"column":14}},"loc":{"start":{"line":26,"column":44},"end":{"line":30,"column":null}},"line":26},"1":{"name":"(anonymous_1)","decl":{"start":{"line":37,"column":8},"end":{"line":37,"column":14}},"loc":{"start":{"line":37,"column":92},"end":{"line":71,"column":null}},"line":37},"2":{"name":"(anonymous_2)","decl":{"start":{"line":78,"column":8},"end":{"line":78,"column":19}},"loc":{"start":{"line":78,"column":102},"end":{"line":124,"column":null}},"line":78},"3":{"name":"(anonymous_3)","decl":{"start":{"line":85,"column":40},"end":{"line":85,"column":45}},"loc":{"start":{"line":85,"column":45},"end":{"line":85,"column":62}},"line":85},"4":{"name":"(anonymous_4)","decl":{"start":{"line":111,"column":29},"end":{"line":111,"column":30}},"loc":{"start":{"line":111,"column":44},"end":{"line":111,"column":76}},"line":111},"5":{"name":"(anonymous_5)","decl":{"start":{"line":117,"column":28},"end":{"line":117,"column":33}},"loc":{"start":{"line":117,"column":33},"end":{"line":117,"column":53}},"line":117},"6":{"name":"(anonymous_6)","decl":{"start":{"line":126,"column":2},"end":{"line":126,"column":26}},"loc":{"start":{"line":126,"column":26},"end":{"line":128,"column":null}},"line":126},"7":{"name":"(anonymous_7)","decl":{"start":{"line":133,"column":8},"end":{"line":133,"column":40}},"loc":{"start":{"line":133,"column":40},"end":{"line":146,"column":null}},"line":133}},"branchMap":{"0":{"loc":{"start":{"line":27,"column":19},"end":{"line":27,"column":null}},"type":"binary-expr","locations":[{"start":{"line":27,"column":19},"end":{"line":27,"column":37}},{"start":{"line":27,"column":37},"end":{"line":27,"column":null}}],"line":27},"1":{"loc":{"start":{"line":28,"column":22},"end":{"line":28,"column":null}},"type":"binary-expr","locations":[{"start":{"line":28,"column":22},"end":{"line":28,"column":43}},{"start":{"line":28,"column":43},"end":{"line":28,"column":null}}],"line":28},"2":{"loc":{"start":{"line":29,"column":21},"end":{"line":29,"column":null}},"type":"binary-expr","locations":[{"start":{"line":29,"column":21},"end":{"line":29,"column":41}},{"start":{"line":29,"column":41},"end":{"line":29,"column":72}},{"start":{"line":29,"column":72},"end":{"line":29,"column":null}}],"line":29},"3":{"loc":{"start":{"line":37,"column":28},"end":{"line":37,"column":92}},"type":"default-arg","locations":[{"start":{"line":37,"column":58},"end":{"line":37,"column":92}}],"line":37},"4":{"loc":{"start":{"line":55,"column":6},"end":{"line":57,"column":null}},"type":"if","locations":[{"start":{"line":55,"column":6},"end":{"line":57,"column":null}},{"start":{},"end":{}}],"line":55},"5":{"loc":{"start":{"line":62,"column":6},"end":{"line":64,"column":null}},"type":"if","locations":[{"start":{"line":62,"column":6},"end":{"line":64,"column":null}},{"start":{},"end":{}}],"line":62},"6":{"loc":{"start":{"line":62,"column":10},"end":{"line":62,"column":66}},"type":"binary-expr","locations":[{"start":{"line":62,"column":10},"end":{"line":62,"column":24}},{"start":{"line":62,"column":24},"end":{"line":62,"column":41}},{"start":{"line":62,"column":41},"end":{"line":62,"column":66}}],"line":62},"7":{"loc":{"start":{"line":78,"column":36},"end":{"line":78,"column":102}},"type":"default-arg","locations":[{"start":{"line":78,"column":66},"end":{"line":78,"column":102}}],"line":78},"8":{"loc":{"start":{"line":100,"column":8},"end":{"line":102,"column":null}},"type":"if","locations":[{"start":{"line":100,"column":8},"end":{"line":102,"column":null}},{"start":{},"end":{}}],"line":100},"9":{"loc":{"start":{"line":107,"column":8},"end":{"line":109,"column":null}},"type":"if","locations":[{"start":{"line":107,"column":8},"end":{"line":109,"column":null}},{"start":{},"end":{}}],"line":107},"10":{"loc":{"start":{"line":107,"column":12},"end":{"line":107,"column":53}},"type":"binary-expr","locations":[{"start":{"line":107,"column":12},"end":{"line":107,"column":26}},{"start":{"line":107,"column":26},"end":{"line":107,"column":53}}],"line":107},"11":{"loc":{"start":{"line":114,"column":8},"end":{"line":118,"column":null}},"type":"if","locations":[{"start":{"line":114,"column":8},"end":{"line":118,"column":null}},{"start":{},"end":{}}],"line":114},"12":{"loc":{"start":{"line":137,"column":6},"end":{"line":137,"column":null}},"type":"if","locations":[{"start":{"line":137,"column":6},"end":{"line":137,"column":null}},{"start":{},"end":{}}],"line":137}},"s":{"0":0,"1":0,"2":0,"3":0,"4":0,"5":0,"6":0,"7":0,"8":0,"9":0,"10":0,"11":0,"12":0,"13":0,"14":0,"15":0,"16":0,"17":0,"18":0,"19":0,"20":0,"21":0,"22":0,"23":0,"24":0,"25":0,"26":0,"27":0,"28":0,"29":0,"30":0,"31":0,"32":0,"33":0,"34":0,"35":0,"36":0,"37":0,"38":0,"39":0,"40":0,"41":0,"42":0,"43":0,"44":0,"45":0},"f":{"0":0,"1":0,"2":0,"3":0,"4":0,"5":0,"6":0,"7":0},"b":{"0":[0,0],"1":[0,0],"2":[0,0,0],"3":[0],"4":[0,0],"5":[0,0],"6":[0,0,0],"7":[0],"8":[0,0],"9":[0,0],"10":[0,0],"11":[0,0],"12":[0,0]},"meta":{"lastBranch":13,"lastFunction":8,"lastStatement":46,"seen":{"f:26:2:26:14":0,"s:27:4:27:Infinity":0,"b:27:19:27:37:27:37:27:Infinity":0,"s:28:4:28:Infinity":1,"b:28:22:28:43:28:43:28:Infinity":1,"s:29:4:29:Infinity":2,"b:29:21:29:41:29:41:29:72:29:72:29:Infinity":2,"f:37:8:37:14":1,"b:37:58:37:92":3,"s:38:4:70:Infinity":3,"s:40:27:40:Infinity":4,"s:43:23:53:Infinity":5,"b:55:6:57:Infinity:undefined:undefined:undefined:undefined":4,"s:55:6:57:Infinity":6,"s:56:8:56:Infinity":7,"s:59:24:59:Infinity":8,"b:62:6:64:Infinity:undefined:undefined:undefined:undefined":5,"s:62:6:64:Infinity":9,"b:62:10:62:24:62:24:62:41:62:41:62:66":6,"s:63:8:63:Infinity":10,"s:66:6:66:Infinity":11,"s:68:6:68:Infinity":12,"s:69:6:69:Infinity":13,"f:78:8:78:19":2,"b:78:66:78:102":7,"s:79:23:79:Infinity":14,"s:80:34:80:Infinity":15,"s:82:4:120:Infinity":16,"s:82:23:82:26":17,"s:83:6:119:Infinity":18,"s:85:30:85:Infinity":19,"f:85:40:85:45":3,"s:85:45:85:62":20,"s:88:25:98:Infinity":21,"b:100:8:102:Infinity:undefined:undefined:undefined:undefined":8,"s:100:8:102:Infinity":22,"s:101:10:101:Infinity":23,"s:104:26:104:Infinity":24,"b:107:8:109:Infinity:undefined:undefined:undefined:undefined":9,"s:107:8:109:Infinity":25,"b:107:12:107:26:107:26:107:53":10,"s:108:10:108:Infinity":26,"s:111:8:111:Infinity":27,"f:111:29:111:30":4,"s:111:44:111:76":28,"s:113:8:113:Infinity":29,"b:114:8:118:Infinity:undefined:undefined:undefined:undefined":11,"s:114:8:118:Infinity":30,"s:115:24:115:Infinity":31,"s:116:10:116:Infinity":32,"s:117:10:117:Infinity":33,"f:117:28:117:33":5,"s:117:33:117:53":34,"s:122:4:122:Infinity":35,"s:123:4:123:Infinity":36,"f:126:2:126:26":6,"s:127:4:127:Infinity":37,"f:133:8:133:40":7,"s:134:4:145:Infinity":38,"s:136:23:136:Infinity":39,"b:137:6:137:Infinity:undefined:undefined:undefined:undefined":12,"s:137:6:137:Infinity":40,"s:137:24:137:Infinity":41,"s:139:24:139:Infinity":42,"s:141:6:141:Infinity":43,"s:143:6:143:Infinity":44,"s:144:6:144:Infinity":45}}}
,"/Users/paul.fournet/Work/mcp/dynamic-mcp/server/src/dmcp-server.ts": {"path":"/Users/paul.fournet/Work/mcp/dynamic-mcp/server/src/dmcp-server.ts","statementMap":{"0":{"start":{"line":31,"column":13},"end":{"line":31,"column":null}},"1":{"start":{"line":37,"column":2},"end":{"line":37,"column":null}},"2":{"start":{"line":45,"column":14},"end":{"line":51,"column":null}},"3":{"start":{"line":54,"column":13},"end":{"line":54,"column":null}},"4":{"start":{"line":55,"column":17},"end":{"line":55,"column":null}},"5":{"start":{"line":58,"column":34},"end":{"line":58,"column":null}},"6":{"start":{"line":59,"column":34},"end":{"line":59,"column":null}},"7":{"start":{"line":60,"column":38},"end":{"line":60,"column":null}},"8":{"start":{"line":61,"column":30},"end":{"line":61,"column":null}},"9":{"start":{"line":64,"column":21},"end":{"line":64,"column":null}},"10":{"start":{"line":78,"column":26},"end":{"line":78,"column":null}},"11":{"start":{"line":79,"column":49},"end":{"line":79,"column":null}},"12":{"start":{"line":85,"column":2},"end":{"line":97,"column":null}},"13":{"start":{"line":87,"column":4},"end":{"line":92,"column":null}},"14":{"start":{"line":90,"column":8},"end":{"line":90,"column":null}},"15":{"start":{"line":90,"column":25},"end":{"line":90,"column":68}},"16":{"start":{"line":93,"column":4},"end":{"line":93,"column":null}},"17":{"start":{"line":95,"column":4},"end":{"line":95,"column":null}},"18":{"start":{"line":96,"column":4},"end":{"line":96,"column":null}},"19":{"start":{"line":104,"column":2},"end":{"line":104,"column":null}},"20":{"start":{"line":107,"column":2},"end":{"line":111,"column":null}},"21":{"start":{"line":108,"column":4},"end":{"line":108,"column":null}},"22":{"start":{"line":114,"column":2},"end":{"line":114,"column":null}},"23":{"start":{"line":117,"column":20},"end":{"line":117,"column":null}},"24":{"start":{"line":118,"column":2},"end":{"line":127,"column":null}},"25":{"start":{"line":119,"column":4},"end":{"line":125,"column":null}},"26":{"start":{"line":126,"column":4},"end":{"line":126,"column":null}},"27":{"start":{"line":128,"column":2},"end":{"line":128,"column":null}},"28":{"start":{"line":135,"column":14},"end":{"line":135,"column":null}},"29":{"start":{"line":137,"column":2},"end":{"line":157,"column":null}},"30":{"start":{"line":139,"column":4},"end":{"line":139,"column":null}},"31":{"start":{"line":139,"column":68},"end":{"line":139,"column":null}},"32":{"start":{"line":141,"column":4},"end":{"line":141,"column":null}},"33":{"start":{"line":142,"column":22},"end":{"line":142,"column":null}},"34":{"start":{"line":144,"column":4},"end":{"line":156,"column":null}},"35":{"start":{"line":145,"column":6},"end":{"line":145,"column":null}},"36":{"start":{"line":146,"column":6},"end":{"line":146,"column":null}},"37":{"start":{"line":148,"column":26},"end":{"line":148,"column":null}},"38":{"start":{"line":149,"column":6},"end":{"line":151,"column":null}},"39":{"start":{"line":150,"column":8},"end":{"line":150,"column":null}},"40":{"start":{"line":152,"column":4},"end":{"line":156,"column":null}},"41":{"start":{"line":154,"column":6},"end":{"line":154,"column":null}},"42":{"start":{"line":155,"column":6},"end":{"line":155,"column":null}},"43":{"start":{"line":164,"column":2},"end":{"line":164,"column":null}},"44":{"start":{"line":164,"column":27},"end":{"line":164,"column":null}},"45":{"start":{"line":166,"column":2},"end":{"line":172,"column":null}},"46":{"start":{"line":167,"column":4},"end":{"line":171,"column":null}},"47":{"start":{"line":168,"column":6},"end":{"line":168,"column":null}},"48":{"start":{"line":170,"column":6},"end":{"line":170,"column":null}},"49":{"start":{"line":174,"column":2},"end":{"line":174,"column":null}},"50":{"start":{"line":181,"column":2},"end":{"line":184,"column":null}},"51":{"start":{"line":182,"column":4},"end":{"line":182,"column":null}},"52":{"start":{"line":183,"column":4},"end":{"line":183,"column":null}},"53":{"start":{"line":188,"column":20},"end":{"line":188,"column":null}},"54":{"start":{"line":189,"column":40},"end":{"line":189,"column":null}},"55":{"start":{"line":190,"column":40},"end":{"line":190,"column":null}},"56":{"start":{"line":206,"column":4},"end":{"line":207,"column":null}},"57":{"start":{"line":213,"column":2},"end":{"line":231,"column":null}},"58":{"start":{"line":239,"column":19},"end":{"line":239,"column":null}},"59":{"start":{"line":240,"column":2},"end":{"line":240,"column":null}},"60":{"start":{"line":240,"column":17},"end":{"line":240,"column":null}},"61":{"start":{"line":243,"column":2},"end":{"line":245,"column":null}},"62":{"start":{"line":252,"column":2},"end":{"line":252,"column":null}},"63":{"start":{"line":252,"column":32},"end":{"line":252,"column":55}},"64":{"start":{"line":259,"column":23},"end":{"line":259,"column":null}},"65":{"start":{"line":260,"column":2},"end":{"line":281,"column":null}},"66":{"start":{"line":261,"column":4},"end":{"line":261,"column":null}},"67":{"start":{"line":262,"column":22},"end":{"line":262,"column":null}},"68":{"start":{"line":263,"column":19},"end":{"line":266,"column":null}},"69":{"start":{"line":269,"column":4},"end":{"line":274,"column":null}},"70":{"start":{"line":272,"column":8},"end":{"line":272,"column":null}},"71":{"start":{"line":272,"column":25},"end":{"line":272,"column":99}},"72":{"start":{"line":276,"column":4},"end":{"line":276,"column":null}},"73":{"start":{"line":277,"column":4},"end":{"line":277,"column":null}},"74":{"start":{"line":279,"column":4},"end":{"line":279,"column":null}},"75":{"start":{"line":280,"column":4},"end":{"line":280,"column":null}},"76":{"start":{"line":288,"column":2},"end":{"line":297,"column":null}},"77":{"start":{"line":288,"column":21},"end":{"line":288,"column":24}},"78":{"start":{"line":289,"column":19},"end":{"line":289,"column":null}},"79":{"start":{"line":290,"column":4},"end":{"line":290,"column":null}},"80":{"start":{"line":290,"column":16},"end":{"line":290,"column":null}},"81":{"start":{"line":292,"column":4},"end":{"line":296,"column":null}},"82":{"start":{"line":293,"column":20},"end":{"line":293,"column":null}},"83":{"start":{"line":294,"column":6},"end":{"line":294,"column":null}},"84":{"start":{"line":295,"column":6},"end":{"line":295,"column":null}},"85":{"start":{"line":299,"column":2},"end":{"line":299,"column":null}},"86":{"start":{"line":300,"column":2},"end":{"line":300,"column":null}},"87":{"start":{"line":307,"column":19},"end":{"line":307,"column":null}},"88":{"start":{"line":309,"column":2},"end":{"line":323,"column":null}},"89":{"start":{"line":311,"column":4},"end":{"line":314,"column":null}},"90":{"start":{"line":312,"column":6},"end":{"line":312,"column":null}},"91":{"start":{"line":313,"column":6},"end":{"line":313,"column":null}},"92":{"start":{"line":317,"column":4},"end":{"line":317,"column":null}},"93":{"start":{"line":318,"column":24},"end":{"line":318,"column":null}},"94":{"start":{"line":319,"column":4},"end":{"line":321,"column":null}},"95":{"start":{"line":320,"column":6},"end":{"line":320,"column":null}},"96":{"start":{"line":322,"column":4},"end":{"line":322,"column":null}},"97":{"start":{"line":325,"column":2},"end":{"line":328,"column":null}},"98":{"start":{"line":326,"column":4},"end":{"line":326,"column":null}},"99":{"start":{"line":327,"column":4},"end":{"line":327,"column":null}},"100":{"start":{"line":330,"column":17},"end":{"line":330,"column":null}},"101":{"start":{"line":331,"column":2},"end":{"line":342,"column":null}},"102":{"start":{"line":332,"column":4},"end":{"line":338,"column":null}},"103":{"start":{"line":341,"column":4},"end":{"line":341,"column":null}},"104":{"start":{"line":343,"column":2},"end":{"line":343,"column":null}},"105":{"start":{"line":351,"column":16},"end":{"line":351,"column":null}},"106":{"start":{"line":352,"column":2},"end":{"line":352,"column":null}},"107":{"start":{"line":352,"column":14},"end":{"line":352,"column":null}},"108":{"start":{"line":354,"column":19},"end":{"line":354,"column":null}},"109":{"start":{"line":355,"column":17},"end":{"line":355,"column":null}},"110":{"start":{"line":356,"column":2},"end":{"line":356,"column":null}},"111":{"start":{"line":356,"column":36},"end":{"line":356,"column":null}},"112":{"start":{"line":358,"column":23},"end":{"line":358,"column":null}},"113":{"start":{"line":359,"column":2},"end":{"line":359,"column":null}},"114":{"start":{"line":366,"column":2},"end":{"line":384,"column":null}},"115":{"start":{"line":367,"column":4},"end":{"line":367,"column":null}},"116":{"start":{"line":368,"column":4},"end":{"line":368,"column":null}},"117":{"start":{"line":370,"column":4},"end":{"line":370,"column":null}},"118":{"start":{"line":372,"column":4},"end":{"line":377,"column":null}},"119":{"start":{"line":373,"column":6},"end":{"line":373,"column":null}},"120":{"start":{"line":374,"column":6},"end":{"line":374,"column":null}},"121":{"start":{"line":376,"column":6},"end":{"line":376,"column":null}},"122":{"start":{"line":379,"column":4},"end":{"line":379,"column":null}},"123":{"start":{"line":380,"column":4},"end":{"line":380,"column":null}},"124":{"start":{"line":382,"column":4},"end":{"line":382,"column":null}},"125":{"start":{"line":383,"column":4},"end":{"line":383,"column":null}},"126":{"start":{"line":391,"column":2},"end":{"line":393,"column":null}},"127":{"start":{"line":392,"column":4},"end":{"line":392,"column":null}},"128":{"start":{"line":394,"column":2},"end":{"line":396,"column":null}},"129":{"start":{"line":395,"column":4},"end":{"line":395,"column":null}},"130":{"start":{"line":407,"column":17},"end":{"line":417,"column":null}},"131":{"start":{"line":420,"column":23},"end":{"line":420,"column":null}},"132":{"start":{"line":423,"column":32},"end":{"line":530,"column":null}},"133":{"start":{"line":424,"column":4},"end":{"line":424,"column":null}},"134":{"start":{"line":427,"column":21},"end":{"line":427,"column":null}},"135":{"start":{"line":428,"column":4},"end":{"line":437,"column":null}},"136":{"start":{"line":429,"column":6},"end":{"line":429,"column":null}},"137":{"start":{"line":430,"column":6},"end":{"line":436,"column":null}},"138":{"start":{"line":440,"column":19},"end":{"line":440,"column":null}},"139":{"start":{"line":441,"column":4},"end":{"line":450,"column":null}},"140":{"start":{"line":442,"column":6},"end":{"line":442,"column":null}},"141":{"start":{"line":443,"column":6},"end":{"line":449,"column":null}},"142":{"start":{"line":452,"column":39},"end":{"line":452,"column":null}},"143":{"start":{"line":453,"column":20},"end":{"line":453,"column":null}},"144":{"start":{"line":456,"column":4},"end":{"line":520,"column":null}},"145":{"start":{"line":456,"column":23},"end":{"line":456,"column":26}},"146":{"start":{"line":458,"column":21},"end":{"line":458,"column":null}},"147":{"start":{"line":459,"column":6},"end":{"line":473,"column":null}},"148":{"start":{"line":460,"column":8},"end":{"line":469,"column":null}},"149":{"start":{"line":461,"column":10},"end":{"line":461,"column":null}},"150":{"start":{"line":462,"column":10},"end":{"line":468,"column":null}},"151":{"start":{"line":470,"column":8},"end":{"line":470,"column":null}},"152":{"start":{"line":471,"column":8},"end":{"line":471,"column":null}},"153":{"start":{"line":472,"column":8},"end":{"line":472,"column":null}},"154":{"start":{"line":475,"column":6},"end":{"line":475,"column":null}},"155":{"start":{"line":476,"column":6},"end":{"line":476,"column":null}},"156":{"start":{"line":478,"column":24},"end":{"line":478,"column":null}},"157":{"start":{"line":479,"column":6},"end":{"line":519,"column":null}},"158":{"start":{"line":480,"column":23},"end":{"line":483,"column":null}},"159":{"start":{"line":484,"column":25},"end":{"line":484,"column":null}},"160":{"start":{"line":485,"column":8},"end":{"line":485,"column":null}},"161":{"start":{"line":486,"column":8},"end":{"line":486,"column":null}},"162":{"start":{"line":488,"column":25},"end":{"line":488,"column":null}},"163":{"start":{"line":489,"column":30},"end":{"line":489,"column":null}},"164":{"start":{"line":490,"column":8},"end":{"line":490,"column":null}},"165":{"start":{"line":493,"column":34},"end":{"line":498,"column":null}},"166":{"start":{"line":500,"column":8},"end":{"line":509,"column":null}},"167":{"start":{"line":502,"column":23},"end":{"line":502,"column":null}},"168":{"start":{"line":503,"column":10},"end":{"line":505,"column":null}},"169":{"start":{"line":504,"column":12},"end":{"line":504,"column":null}},"170":{"start":{"line":506,"column":10},"end":{"line":506,"column":null}},"171":{"start":{"line":507,"column":10},"end":{"line":507,"column":null}},"172":{"start":{"line":508,"column":10},"end":{"line":508,"column":null}},"173":{"start":{"line":512,"column":8},"end":{"line":518,"column":null}},"174":{"start":{"line":523,"column":4},"end":{"line":529,"column":null}},"175":{"start":{"line":533,"column":2},"end":{"line":611,"column":null}},"176":{"start":{"line":543,"column":6},"end":{"line":543,"column":null}},"177":{"start":{"line":545,"column":29},"end":{"line":545,"column":null}},"178":{"start":{"line":546,"column":6},"end":{"line":546,"column":null}},"179":{"start":{"line":547,"column":24},"end":{"line":547,"column":null}},"180":{"start":{"line":549,"column":20},"end":{"line":552,"column":null}},"181":{"start":{"line":554,"column":23},"end":{"line":554,"column":null}},"182":{"start":{"line":555,"column":6},"end":{"line":555,"column":null}},"183":{"start":{"line":556,"column":6},"end":{"line":558,"column":null}},"184":{"start":{"line":557,"column":8},"end":{"line":557,"column":null}},"185":{"start":{"line":557,"column":81},"end":{"line":557,"column":129}},"186":{"start":{"line":561,"column":28},"end":{"line":561,"column":null}},"187":{"start":{"line":562,"column":6},"end":{"line":590,"column":null}},"188":{"start":{"line":563,"column":24},"end":{"line":563,"column":null}},"189":{"start":{"line":566,"column":8},"end":{"line":566,"column":null}},"190":{"start":{"line":566,"column":39},"end":{"line":566,"column":null}},"191":{"start":{"line":568,"column":8},"end":{"line":568,"column":null}},"192":{"start":{"line":569,"column":8},"end":{"line":576,"column":null}},"193":{"start":{"line":580,"column":8},"end":{"line":589,"column":null}},"194":{"start":{"line":587,"column":12},"end":{"line":587,"column":null}},"195":{"start":{"line":592,"column":6},"end":{"line":596,"column":null}},"196":{"start":{"line":593,"column":8},"end":{"line":593,"column":null}},"197":{"start":{"line":595,"column":8},"end":{"line":595,"column":null}},"198":{"start":{"line":599,"column":23},"end":{"line":602,"column":null}},"199":{"start":{"line":600,"column":24},"end":{"line":600,"column":null}},"200":{"start":{"line":601,"column":8},"end":{"line":601,"column":null}},"201":{"start":{"line":604,"column":6},"end":{"line":609,"column":null}},"202":{"start":{"line":613,"column":2},"end":{"line":613,"column":null}},"203":{"start":{"line":620,"column":6},"end":{"line":620,"column":null}},"204":{"start":{"line":621,"column":0},"end":{"line":621,"column":null}},"205":{"start":{"line":624,"column":66},"end":{"line":624,"column":null}},"206":{"start":{"line":627,"column":21},"end":{"line":627,"column":null}},"207":{"start":{"line":628,"column":91},"end":{"line":628,"column":null}},"208":{"start":{"line":634,"column":2},"end":{"line":634,"column":null}},"209":{"start":{"line":641,"column":17},"end":{"line":643,"column":null}},"210":{"start":{"line":644,"column":2},"end":{"line":644,"column":null}},"211":{"start":{"line":648,"column":0},"end":{"line":674,"column":null}},"212":{"start":{"line":649,"column":25},"end":{"line":649,"column":null}},"213":{"start":{"line":650,"column":29},"end":{"line":654,"column":null}},"214":{"start":{"line":650,"column":90},"end":{"line":654,"column":4}},"215":{"start":{"line":656,"column":2},"end":{"line":673,"column":null}},"216":{"start":{"line":662,"column":46},"end":{"line":662,"column":55}},"217":{"start":{"line":677,"column":0},"end":{"line":747,"column":null}},"218":{"start":{"line":678,"column":20},"end":{"line":678,"column":null}},"219":{"start":{"line":679,"column":17},"end":{"line":679,"column":null}},"220":{"start":{"line":681,"column":2},"end":{"line":683,"column":null}},"221":{"start":{"line":682,"column":4},"end":{"line":682,"column":null}},"222":{"start":{"line":685,"column":2},"end":{"line":685,"column":null}},"223":{"start":{"line":687,"column":2},"end":{"line":746,"column":null}},"224":{"start":{"line":690,"column":4},"end":{"line":734,"column":null}},"225":{"start":{"line":692,"column":6},"end":{"line":692,"column":null}},"226":{"start":{"line":693,"column":6},"end":{"line":693,"column":null}},"227":{"start":{"line":694,"column":4},"end":{"line":734,"column":null}},"228":{"start":{"line":696,"column":28},"end":{"line":696,"column":null}},"229":{"start":{"line":697,"column":6},"end":{"line":697,"column":null}},"230":{"start":{"line":699,"column":6},"end":{"line":706,"column":null}},"231":{"start":{"line":700,"column":28},"end":{"line":700,"column":null}},"232":{"start":{"line":702,"column":10},"end":{"line":702,"column":null}},"233":{"start":{"line":703,"column":10},"end":{"line":703,"column":null}},"234":{"start":{"line":704,"column":10},"end":{"line":704,"column":null}},"235":{"start":{"line":708,"column":6},"end":{"line":719,"column":null}},"236":{"start":{"line":709,"column":20},"end":{"line":709,"column":null}},"237":{"start":{"line":710,"column":8},"end":{"line":718,"column":null}},"238":{"start":{"line":711,"column":23},"end":{"line":711,"column":null}},"239":{"start":{"line":712,"column":10},"end":{"line":716,"column":null}},"240":{"start":{"line":713,"column":29},"end":{"line":713,"column":null}},"241":{"start":{"line":714,"column":12},"end":{"line":714,"column":null}},"242":{"start":{"line":715,"column":12},"end":{"line":715,"column":null}},"243":{"start":{"line":717,"column":10},"end":{"line":717,"column":null}},"244":{"start":{"line":722,"column":21},"end":{"line":722,"column":null}},"245":{"start":{"line":723,"column":6},"end":{"line":723,"column":null}},"246":{"start":{"line":724,"column":6},"end":{"line":724,"column":null}},"247":{"start":{"line":727,"column":6},"end":{"line":727,"column":null}},"248":{"start":{"line":728,"column":6},"end":{"line":732,"column":null}},"249":{"start":{"line":733,"column":6},"end":{"line":733,"column":null}},"250":{"start":{"line":736,"column":4},"end":{"line":736,"column":null}},"251":{"start":{"line":738,"column":4},"end":{"line":738,"column":null}},"252":{"start":{"line":739,"column":4},"end":{"line":745,"column":null}},"253":{"start":{"line":740,"column":6},"end":{"line":744,"column":null}},"254":{"start":{"line":750,"column":0},"end":{"line":778,"column":null}},"255":{"start":{"line":751,"column":20},"end":{"line":751,"column":null}},"256":{"start":{"line":753,"column":2},"end":{"line":753,"column":null}},"257":{"start":{"line":755,"column":2},"end":{"line":763,"column":null}},"258":{"start":{"line":756,"column":4},"end":{"line":756,"column":null}},"259":{"start":{"line":757,"column":4},"end":{"line":761,"column":null}},"260":{"start":{"line":762,"column":4},"end":{"line":762,"column":null}},"261":{"start":{"line":765,"column":2},"end":{"line":765,"column":null}},"262":{"start":{"line":768,"column":2},"end":{"line":770,"column":null}},"263":{"start":{"line":769,"column":4},"end":{"line":769,"column":null}},"264":{"start":{"line":772,"column":2},"end":{"line":774,"column":null}},"265":{"start":{"line":773,"column":4},"end":{"line":773,"column":null}},"266":{"start":{"line":776,"column":20},"end":{"line":776,"column":null}},"267":{"start":{"line":777,"column":2},"end":{"line":777,"column":null}},"268":{"start":{"line":781,"column":0},"end":{"line":800,"column":null}},"269":{"start":{"line":782,"column":20},"end":{"line":782,"column":null}},"270":{"start":{"line":784,"column":2},"end":{"line":784,"column":null}},"271":{"start":{"line":786,"column":2},"end":{"line":799,"column":null}},"272":{"start":{"line":787,"column":22},"end":{"line":787,"column":null}},"273":{"start":{"line":788,"column":4},"end":{"line":788,"column":null}},"274":{"start":{"line":789,"column":4},"end":{"line":789,"column":null}},"275":{"start":{"line":790,"column":4},"end":{"line":790,"column":null}},"276":{"start":{"line":791,"column":4},"end":{"line":791,"column":null}},"277":{"start":{"line":793,"column":4},"end":{"line":793,"column":null}},"278":{"start":{"line":794,"column":4},"end":{"line":798,"column":null}},"279":{"start":{"line":807,"column":0},"end":{"line":807,"column":null}},"280":{"start":{"line":810,"column":0},"end":{"line":816,"column":null}},"281":{"start":{"line":811,"column":2},"end":{"line":811,"column":null}},"282":{"start":{"line":812,"column":2},"end":{"line":812,"column":null}},"283":{"start":{"line":813,"column":2},"end":{"line":813,"column":null}},"284":{"start":{"line":814,"column":2},"end":{"line":814,"column":null}},"285":{"start":{"line":815,"column":2},"end":{"line":815,"column":null}},"286":{"start":{"line":819,"column":0},"end":{"line":862,"column":null}},"287":{"start":{"line":820,"column":2},"end":{"line":820,"column":null}},"288":{"start":{"line":823,"column":2},"end":{"line":823,"column":null}},"289":{"start":{"line":824,"column":2},"end":{"line":824,"column":null}},"290":{"start":{"line":827,"column":23},"end":{"line":827,"column":null}},"291":{"start":{"line":828,"column":2},"end":{"line":839,"column":null}},"292":{"start":{"line":829,"column":4},"end":{"line":829,"column":null}},"293":{"start":{"line":830,"column":4},"end":{"line":837,"column":null}},"294":{"start":{"line":831,"column":6},"end":{"line":836,"column":null}},"295":{"start":{"line":832,"column":8},"end":{"line":832,"column":null}},"296":{"start":{"line":833,"column":8},"end":{"line":833,"column":null}},"297":{"start":{"line":835,"column":8},"end":{"line":835,"column":null}},"298":{"start":{"line":838,"column":4},"end":{"line":838,"column":null}},"299":{"start":{"line":841,"column":23},"end":{"line":841,"column":null}},"300":{"start":{"line":842,"column":2},"end":{"line":844,"column":null}},"301":{"start":{"line":843,"column":4},"end":{"line":843,"column":null}},"302":{"start":{"line":846,"column":2},"end":{"line":852,"column":null}},"303":{"start":{"line":847,"column":4},"end":{"line":851,"column":null}},"304":{"start":{"line":848,"column":6},"end":{"line":848,"column":null}},"305":{"start":{"line":850,"column":6},"end":{"line":850,"column":null}},"306":{"start":{"line":854,"column":2},"end":{"line":859,"column":null}},"307":{"start":{"line":855,"column":4},"end":{"line":855,"column":null}},"308":{"start":{"line":856,"column":4},"end":{"line":856,"column":null}},"309":{"start":{"line":858,"column":4},"end":{"line":858,"column":null}},"310":{"start":{"line":861,"column":2},"end":{"line":861,"column":null}},"311":{"start":{"line":864,"column":0},"end":{"line":867,"column":null}},"312":{"start":{"line":865,"column":2},"end":{"line":865,"column":null}},"313":{"start":{"line":866,"column":2},"end":{"line":866,"column":null}}},"fnMap":{"0":{"name":"sanitizeToolName","decl":{"start":{"line":36,"column":9},"end":{"line":36,"column":26}},"loc":{"start":{"line":36,"column":48},"end":{"line":38,"column":null}},"line":36},"1":{"name":"checkConnectionHealth","decl":{"start":{"line":84,"column":15},"end":{"line":84,"column":37}},"loc":{"start":{"line":84,"column":80},"end":{"line":98,"column":null}},"line":84},"2":{"name":"(anonymous_2)","decl":{"start":{"line":89,"column":18},"end":{"line":89,"column":19}},"loc":{"start":{"line":90,"column":8},"end":{"line":90,"column":null}},"line":90},"3":{"name":"(anonymous_3)","decl":{"start":{"line":90,"column":19},"end":{"line":90,"column":25}},"loc":{"start":{"line":90,"column":25},"end":{"line":90,"column":68}},"line":90},"4":{"name":"reconnectBackend","decl":{"start":{"line":103,"column":15},"end":{"line":103,"column":32}},"loc":{"start":{"line":103,"column":75},"end":{"line":129,"column":null}},"line":103},"5":{"name":"performHealthChecks","decl":{"start":{"line":134,"column":15},"end":{"line":134,"column":52}},"loc":{"start":{"line":134,"column":52},"end":{"line":158,"column":null}},"line":134},"6":{"name":"startHealthChecks","decl":{"start":{"line":163,"column":9},"end":{"line":163,"column":35}},"loc":{"start":{"line":163,"column":35},"end":{"line":175,"column":null}},"line":163},"7":{"name":"(anonymous_7)","decl":{"start":{"line":166,"column":36},"end":{"line":166,"column":48}},"loc":{"start":{"line":166,"column":48},"end":{"line":172,"column":5}},"line":166},"8":{"name":"stopHealthChecks","decl":{"start":{"line":180,"column":9},"end":{"line":180,"column":34}},"loc":{"start":{"line":180,"column":34},"end":{"line":185,"column":null}},"line":180},"9":{"name":"getSearchToolDefinition","decl":{"start":{"line":199,"column":9},"end":{"line":199,"column":41}},"loc":{"start":{"line":199,"column":41},"end":{"line":232,"column":null}},"line":199},"10":{"name":"rewriteUrlForDocker","decl":{"start":{"line":237,"column":9},"end":{"line":237,"column":29}},"loc":{"start":{"line":237,"column":50},"end":{"line":246,"column":null}},"line":237},"11":{"name":"sleep","decl":{"start":{"line":251,"column":9},"end":{"line":251,"column":15}},"loc":{"start":{"line":251,"column":42},"end":{"line":253,"column":null}},"line":251},"12":{"name":"(anonymous_12)","decl":{"start":{"line":252,"column":21},"end":{"line":252,"column":32}},"loc":{"start":{"line":252,"column":32},"end":{"line":252,"column":55}},"line":252},"13":{"name":"connectToBackend","decl":{"start":{"line":258,"column":15},"end":{"line":258,"column":32}},"loc":{"start":{"line":258,"column":87},"end":{"line":282,"column":null}},"line":258},"14":{"name":"(anonymous_14)","decl":{"start":{"line":271,"column":18},"end":{"line":271,"column":19}},"loc":{"start":{"line":272,"column":8},"end":{"line":272,"column":null}},"line":272},"15":{"name":"(anonymous_15)","decl":{"start":{"line":272,"column":19},"end":{"line":272,"column":25}},"loc":{"start":{"line":272,"column":25},"end":{"line":272,"column":99}},"line":272},"16":{"name":"connectToBackendWithRetry","decl":{"start":{"line":287,"column":15},"end":{"line":287,"column":41}},"loc":{"start":{"line":287,"column":96},"end":{"line":301,"column":null}},"line":287},"17":{"name":"getServerClient","decl":{"start":{"line":306,"column":15},"end":{"line":306,"column":31}},"loc":{"start":{"line":306,"column":93},"end":{"line":344,"column":null}},"line":306},"18":{"name":"parseToolName","decl":{"start":{"line":349,"column":9},"end":{"line":349,"column":23}},"loc":{"start":{"line":349,"column":114},"end":{"line":360,"column":null}},"line":349},"19":{"name":"initialize","decl":{"start":{"line":365,"column":15},"end":{"line":365,"column":43}},"loc":{"start":{"line":365,"column":43},"end":{"line":385,"column":null}},"line":365},"20":{"name":"waitForInit","decl":{"start":{"line":390,"column":15},"end":{"line":390,"column":44}},"loc":{"start":{"line":390,"column":44},"end":{"line":397,"column":null}},"line":390},"21":{"name":"createServer","decl":{"start":{"line":406,"column":9},"end":{"line":406,"column":35}},"loc":{"start":{"line":406,"column":35},"end":{"line":614,"column":null}},"line":406},"22":{"name":"(anonymous_22)","decl":{"start":{"line":423,"column":32},"end":{"line":423,"column":39}},"loc":{"start":{"line":423,"column":116},"end":{"line":530,"column":null}},"line":423},"23":{"name":"(anonymous_23)","decl":{"start":{"line":542,"column":4},"end":{"line":542,"column":11}},"loc":{"start":{"line":542,"column":57},"end":{"line":610,"column":null}},"line":542},"24":{"name":"(anonymous_24)","decl":{"start":{"line":557,"column":76},"end":{"line":557,"column":81}},"loc":{"start":{"line":557,"column":81},"end":{"line":557,"column":129}},"line":557},"25":{"name":"(anonymous_25)","decl":{"start":{"line":586,"column":10},"end":{"line":586,"column":17}},"loc":{"start":{"line":586,"column":51},"end":{"line":588,"column":null}},"line":586},"26":{"name":"(anonymous_26)","decl":{"start":{"line":599,"column":33},"end":{"line":599,"column":34}},"loc":{"start":{"line":599,"column":43},"end":{"line":602,"column":7}},"line":599},"27":{"name":"timestamp","decl":{"start":{"line":633,"column":9},"end":{"line":633,"column":29}},"loc":{"start":{"line":633,"column":29},"end":{"line":635,"column":null}},"line":633},"28":{"name":"log","decl":{"start":{"line":640,"column":9},"end":{"line":640,"column":13}},"loc":{"start":{"line":640,"column":56},"end":{"line":645,"column":null}},"line":640},"29":{"name":"(anonymous_29)","decl":{"start":{"line":648,"column":19},"end":{"line":648,"column":20}},"loc":{"start":{"line":648,"column":53},"end":{"line":674,"column":1}},"line":648},"30":{"name":"(anonymous_30)","decl":{"start":{"line":650,"column":73},"end":{"line":650,"column":74}},"loc":{"start":{"line":650,"column":90},"end":{"line":654,"column":4}},"line":650},"31":{"name":"(anonymous_31)","decl":{"start":{"line":662,"column":41},"end":{"line":662,"column":46}},"loc":{"start":{"line":662,"column":46},"end":{"line":662,"column":55}},"line":662},"32":{"name":"(anonymous_32)","decl":{"start":{"line":677,"column":17},"end":{"line":677,"column":24}},"loc":{"start":{"line":677,"column":56},"end":{"line":747,"column":1}},"line":677},"33":{"name":"(anonymous_33)","decl":{"start":{"line":700,"column":28},"end":{"line":700,"column":34}},"loc":{"start":{"line":700,"column":28},"end":{"line":700,"column":null}},"line":700},"34":{"name":"(anonymous_34)","decl":{"start":{"line":701,"column":30},"end":{"line":701,"column":31}},"loc":{"start":{"line":701,"column":39},"end":{"line":705,"column":null}},"line":701},"35":{"name":"(anonymous_35)","decl":{"start":{"line":708,"column":26},"end":{"line":708,"column":32}},"loc":{"start":{"line":708,"column":32},"end":{"line":719,"column":null}},"line":708},"36":{"name":"(anonymous_36)","decl":{"start":{"line":750,"column":16},"end":{"line":750,"column":23}},"loc":{"start":{"line":750,"column":55},"end":{"line":778,"column":1}},"line":750},"37":{"name":"(anonymous_37)","decl":{"start":{"line":768,"column":18},"end":{"line":768,"column":24}},"loc":{"start":{"line":768,"column":24},"end":{"line":770,"column":3}},"line":768},"38":{"name":"(anonymous_38)","decl":{"start":{"line":772,"column":18},"end":{"line":772,"column":19}},"loc":{"start":{"line":772,"column":27},"end":{"line":774,"column":3}},"line":772},"39":{"name":"(anonymous_39)","decl":{"start":{"line":781,"column":19},"end":{"line":781,"column":26}},"loc":{"start":{"line":781,"column":58},"end":{"line":800,"column":1}},"line":781},"40":{"name":"(anonymous_40)","decl":{"start":{"line":810,"column":28},"end":{"line":810,"column":34}},"loc":{"start":{"line":810,"column":34},"end":{"line":816,"column":1}},"line":810},"41":{"name":"(anonymous_41)","decl":{"start":{"line":819,"column":21},"end":{"line":819,"column":33}},"loc":{"start":{"line":819,"column":33},"end":{"line":862,"column":1}},"line":819},"42":{"name":"(anonymous_42)","decl":{"start":{"line":864,"column":22},"end":{"line":864,"column":34}},"loc":{"start":{"line":864,"column":34},"end":{"line":867,"column":1}},"line":864}},"branchMap":{"0":{"loc":{"start":{"line":31,"column":22},"end":{"line":31,"column":48}},"type":"binary-expr","locations":[{"start":{"line":31,"column":22},"end":{"line":31,"column":42}},{"start":{"line":31,"column":42},"end":{"line":31,"column":48}}],"line":31},"1":{"loc":{"start":{"line":46,"column":8},"end":{"line":46,"column":null}},"type":"binary-expr","locations":[{"start":{"line":46,"column":8},"end":{"line":46,"column":34}},{"start":{"line":46,"column":34},"end":{"line":46,"column":null}}],"line":46},"2":{"loc":{"start":{"line":47,"column":17},"end":{"line":47,"column":49}},"type":"binary-expr","locations":[{"start":{"line":47,"column":17},"end":{"line":47,"column":43}},{"start":{"line":47,"column":43},"end":{"line":47,"column":49}}],"line":47},"3":{"loc":{"start":{"line":50,"column":16},"end":{"line":50,"column":null}},"type":"binary-expr","locations":[{"start":{"line":50,"column":16},"end":{"line":50,"column":45}},{"start":{"line":50,"column":45},"end":{"line":50,"column":null}}],"line":50},"4":{"loc":{"start":{"line":54,"column":22},"end":{"line":54,"column":52}},"type":"binary-expr","locations":[{"start":{"line":54,"column":22},"end":{"line":54,"column":48}},{"start":{"line":54,"column":48},"end":{"line":54,"column":52}}],"line":54},"5":{"loc":{"start":{"line":55,"column":28},"end":{"line":55,"column":63}},"type":"binary-expr","locations":[{"start":{"line":55,"column":28},"end":{"line":55,"column":58}},{"start":{"line":55,"column":58},"end":{"line":55,"column":63}}],"line":55},"6":{"loc":{"start":{"line":58,"column":43},"end":{"line":58,"column":81}},"type":"binary-expr","locations":[{"start":{"line":58,"column":43},"end":{"line":58,"column":78}},{"start":{"line":58,"column":78},"end":{"line":58,"column":81}}],"line":58},"7":{"loc":{"start":{"line":59,"column":43},"end":{"line":59,"column":84}},"type":"binary-expr","locations":[{"start":{"line":59,"column":43},"end":{"line":59,"column":78}},{"start":{"line":59,"column":78},"end":{"line":59,"column":84}}],"line":59},"8":{"loc":{"start":{"line":60,"column":47},"end":{"line":60,"column":93}},"type":"binary-expr","locations":[{"start":{"line":60,"column":47},"end":{"line":60,"column":86}},{"start":{"line":60,"column":86},"end":{"line":60,"column":93}}],"line":60},"9":{"loc":{"start":{"line":61,"column":39},"end":{"line":61,"column":88}},"type":"binary-expr","locations":[{"start":{"line":61,"column":39},"end":{"line":61,"column":81}},{"start":{"line":61,"column":81},"end":{"line":61,"column":88}}],"line":61},"10":{"loc":{"start":{"line":118,"column":2},"end":{"line":127,"column":null}},"type":"if","locations":[{"start":{"line":118,"column":2},"end":{"line":127,"column":null}},{"start":{},"end":{}}],"line":118},"11":{"loc":{"start":{"line":139,"column":4},"end":{"line":139,"column":null}},"type":"if","locations":[{"start":{"line":139,"column":4},"end":{"line":139,"column":null}},{"start":{},"end":{}}],"line":139},"12":{"loc":{"start":{"line":144,"column":4},"end":{"line":156,"column":null}},"type":"if","locations":[{"start":{"line":144,"column":4},"end":{"line":156,"column":null}},{"start":{"line":152,"column":4},"end":{"line":156,"column":null}}],"line":144},"13":{"loc":{"start":{"line":149,"column":6},"end":{"line":151,"column":null}},"type":"if","locations":[{"start":{"line":149,"column":6},"end":{"line":151,"column":null}},{"start":{},"end":{}}],"line":149},"14":{"loc":{"start":{"line":152,"column":4},"end":{"line":156,"column":null}},"type":"if","locations":[{"start":{"line":152,"column":4},"end":{"line":156,"column":null}},{"start":{},"end":{}}],"line":152},"15":{"loc":{"start":{"line":164,"column":2},"end":{"line":164,"column":null}},"type":"if","locations":[{"start":{"line":164,"column":2},"end":{"line":164,"column":null}},{"start":{},"end":{}}],"line":164},"16":{"loc":{"start":{"line":181,"column":2},"end":{"line":184,"column":null}},"type":"if","locations":[{"start":{"line":181,"column":2},"end":{"line":184,"column":null}},{"start":{},"end":{}}],"line":181},"17":{"loc":{"start":{"line":239,"column":19},"end":{"line":239,"column":null}},"type":"binary-expr","locations":[{"start":{"line":239,"column":19},"end":{"line":239,"column":45}},{"start":{"line":239,"column":45},"end":{"line":239,"column":null}}],"line":239},"18":{"loc":{"start":{"line":240,"column":2},"end":{"line":240,"column":null}},"type":"if","locations":[{"start":{"line":240,"column":2},"end":{"line":240,"column":null}},{"start":{},"end":{}}],"line":240},"19":{"loc":{"start":{"line":290,"column":4},"end":{"line":290,"column":null}},"type":"if","locations":[{"start":{"line":290,"column":4},"end":{"line":290,"column":null}},{"start":{},"end":{}}],"line":290},"20":{"loc":{"start":{"line":292,"column":4},"end":{"line":296,"column":null}},"type":"if","locations":[{"start":{"line":292,"column":4},"end":{"line":296,"column":null}},{"start":{},"end":{}}],"line":292},"21":{"loc":{"start":{"line":309,"column":2},"end":{"line":323,"column":null}},"type":"if","locations":[{"start":{"line":309,"column":2},"end":{"line":323,"column":null}},{"start":{},"end":{}}],"line":309},"22":{"loc":{"start":{"line":311,"column":4},"end":{"line":314,"column":null}},"type":"if","locations":[{"start":{"line":311,"column":4},"end":{"line":314,"column":null}},{"start":{},"end":{}}],"line":311},"23":{"loc":{"start":{"line":319,"column":4},"end":{"line":321,"column":null}},"type":"if","locations":[{"start":{"line":319,"column":4},"end":{"line":321,"column":null}},{"start":{},"end":{}}],"line":319},"24":{"loc":{"start":{"line":325,"column":2},"end":{"line":328,"column":null}},"type":"if","locations":[{"start":{"line":325,"column":2},"end":{"line":328,"column":null}},{"start":{},"end":{}}],"line":325},"25":{"loc":{"start":{"line":331,"column":2},"end":{"line":342,"column":null}},"type":"if","locations":[{"start":{"line":331,"column":2},"end":{"line":342,"column":null}},{"start":{},"end":{}}],"line":331},"26":{"loc":{"start":{"line":352,"column":2},"end":{"line":352,"column":null}},"type":"if","locations":[{"start":{"line":352,"column":2},"end":{"line":352,"column":null}},{"start":{},"end":{}}],"line":352},"27":{"loc":{"start":{"line":356,"column":2},"end":{"line":356,"column":null}},"type":"if","locations":[{"start":{"line":356,"column":2},"end":{"line":356,"column":null}},{"start":{},"end":{}}],"line":356},"28":{"loc":{"start":{"line":372,"column":4},"end":{"line":377,"column":null}},"type":"if","locations":[{"start":{"line":372,"column":4},"end":{"line":377,"column":null}},{"start":{"line":375,"column":11},"end":{"line":377,"column":null}}],"line":372},"29":{"loc":{"start":{"line":391,"column":2},"end":{"line":393,"column":null}},"type":"if","locations":[{"start":{"line":391,"column":2},"end":{"line":393,"column":null}},{"start":{},"end":{}}],"line":391},"30":{"loc":{"start":{"line":391,"column":6},"end":{"line":391,"column":37}},"type":"binary-expr","locations":[{"start":{"line":391,"column":6},"end":{"line":391,"column":21}},{"start":{"line":391,"column":21},"end":{"line":391,"column":37}}],"line":391},"31":{"loc":{"start":{"line":394,"column":2},"end":{"line":396,"column":null}},"type":"if","locations":[{"start":{"line":394,"column":2},"end":{"line":396,"column":null}},{"start":{},"end":{}}],"line":394},"32":{"loc":{"start":{"line":428,"column":4},"end":{"line":437,"column":null}},"type":"if","locations":[{"start":{"line":428,"column":4},"end":{"line":437,"column":null}},{"start":{},"end":{}}],"line":428},"33":{"loc":{"start":{"line":441,"column":4},"end":{"line":450,"column":null}},"type":"if","locations":[{"start":{"line":441,"column":4},"end":{"line":450,"column":null}},{"start":{},"end":{}}],"line":441},"34":{"loc":{"start":{"line":459,"column":6},"end":{"line":473,"column":null}},"type":"if","locations":[{"start":{"line":459,"column":6},"end":{"line":473,"column":null}},{"start":{},"end":{}}],"line":459},"35":{"loc":{"start":{"line":460,"column":8},"end":{"line":469,"column":null}},"type":"if","locations":[{"start":{"line":460,"column":8},"end":{"line":469,"column":null}},{"start":{},"end":{}}],"line":460},"36":{"loc":{"start":{"line":476,"column":77},"end":{"line":476,"column":110}},"type":"cond-expr","locations":[{"start":{"line":476,"column":100},"end":{"line":476,"column":108}},{"start":{"line":476,"column":108},"end":{"line":476,"column":110}}],"line":476},"37":{"loc":{"start":{"line":493,"column":34},"end":{"line":498,"column":null}},"type":"binary-expr","locations":[{"start":{"line":493,"column":34},"end":{"line":493,"column":null}},{"start":{"line":494,"column":10},"end":{"line":494,"column":null}},{"start":{"line":495,"column":10},"end":{"line":495,"column":null}},{"start":{"line":496,"column":10},"end":{"line":496,"column":null}},{"start":{"line":497,"column":10},"end":{"line":497,"column":null}},{"start":{"line":498,"column":10},"end":{"line":498,"column":null}}],"line":493},"38":{"loc":{"start":{"line":500,"column":8},"end":{"line":509,"column":null}},"type":"if","locations":[{"start":{"line":500,"column":8},"end":{"line":509,"column":null}},{"start":{},"end":{}}],"line":500},"39":{"loc":{"start":{"line":500,"column":12},"end":{"line":500,"column":70}},"type":"binary-expr","locations":[{"start":{"line":500,"column":12},"end":{"line":500,"column":33}},{"start":{"line":500,"column":33},"end":{"line":500,"column":70}}],"line":500},"40":{"loc":{"start":{"line":503,"column":10},"end":{"line":505,"column":null}},"type":"if","locations":[{"start":{"line":503,"column":10},"end":{"line":505,"column":null}},{"start":{},"end":{}}],"line":503},"41":{"loc":{"start":{"line":545,"column":38},"end":{"line":545,"column":53}},"type":"binary-expr","locations":[{"start":{"line":545,"column":38},"end":{"line":545,"column":47}},{"start":{"line":545,"column":47},"end":{"line":545,"column":53}}],"line":545},"42":{"loc":{"start":{"line":556,"column":6},"end":{"line":558,"column":null}},"type":"if","locations":[{"start":{"line":556,"column":6},"end":{"line":558,"column":null}},{"start":{},"end":{}}],"line":556},"43":{"loc":{"start":{"line":566,"column":8},"end":{"line":566,"column":null}},"type":"if","locations":[{"start":{"line":566,"column":8},"end":{"line":566,"column":null}},{"start":{},"end":{}}],"line":566},"44":{"loc":{"start":{"line":573,"column":25},"end":{"line":573,"column":null}},"type":"binary-expr","locations":[{"start":{"line":573,"column":25},"end":{"line":573,"column":45}},{"start":{"line":573,"column":45},"end":{"line":573,"column":null}}],"line":573},"45":{"loc":{"start":{"line":592,"column":6},"end":{"line":596,"column":null}},"type":"if","locations":[{"start":{"line":592,"column":6},"end":{"line":596,"column":null}},{"start":{"line":594,"column":13},"end":{"line":596,"column":null}}],"line":592},"46":{"loc":{"start":{"line":641,"column":17},"end":{"line":643,"column":null}},"type":"cond-expr","locations":[{"start":{"line":642,"column":6},"end":{"line":642,"column":null}},{"start":{"line":643,"column":6},"end":{"line":643,"column":null}}],"line":641},"47":{"loc":{"start":{"line":641,"column":17},"end":{"line":641,"column":null}},"type":"binary-expr","locations":[{"start":{"line":641,"column":17},"end":{"line":641,"column":30}},{"start":{"line":641,"column":30},"end":{"line":641,"column":null}}],"line":641},"48":{"loc":{"start":{"line":657,"column":12},"end":{"line":657,"column":null}},"type":"cond-expr","locations":[{"start":{"line":657,"column":28},"end":{"line":657,"column":40}},{"start":{"line":657,"column":40},"end":{"line":657,"column":null}}],"line":657},"49":{"loc":{"start":{"line":679,"column":17},"end":{"line":679,"column":null}},"type":"binary-expr","locations":[{"start":{"line":679,"column":17},"end":{"line":679,"column":37}},{"start":{"line":679,"column":37},"end":{"line":679,"column":null}}],"line":679},"50":{"loc":{"start":{"line":681,"column":2},"end":{"line":683,"column":null}},"type":"if","locations":[{"start":{"line":681,"column":2},"end":{"line":683,"column":null}},{"start":{},"end":{}}],"line":681},"51":{"loc":{"start":{"line":681,"column":6},"end":{"line":681,"column":43}},"type":"binary-expr","locations":[{"start":{"line":681,"column":6},"end":{"line":681,"column":19}},{"start":{"line":681,"column":19},"end":{"line":681,"column":43}}],"line":681},"52":{"loc":{"start":{"line":690,"column":4},"end":{"line":734,"column":null}},"type":"if","locations":[{"start":{"line":690,"column":4},"end":{"line":734,"column":null}},{"start":{"line":694,"column":4},"end":{"line":734,"column":null}}],"line":690},"53":{"loc":{"start":{"line":690,"column":8},"end":{"line":690,"column":44}},"type":"binary-expr","locations":[{"start":{"line":690,"column":8},"end":{"line":690,"column":21}},{"start":{"line":690,"column":21},"end":{"line":690,"column":44}}],"line":690},"54":{"loc":{"start":{"line":694,"column":4},"end":{"line":734,"column":null}},"type":"if","locations":[{"start":{"line":694,"column":4},"end":{"line":734,"column":null}},{"start":{"line":725,"column":11},"end":{"line":734,"column":null}}],"line":694},"55":{"loc":{"start":{"line":694,"column":15},"end":{"line":694,"column":60}},"type":"binary-expr","locations":[{"start":{"line":694,"column":15},"end":{"line":694,"column":29}},{"start":{"line":694,"column":16},"end":{"line":694,"column":60}}],"line":694},"56":{"loc":{"start":{"line":710,"column":8},"end":{"line":718,"column":null}},"type":"if","locations":[{"start":{"line":710,"column":8},"end":{"line":718,"column":null}},{"start":{},"end":{}}],"line":710},"57":{"loc":{"start":{"line":712,"column":10},"end":{"line":716,"column":null}},"type":"if","locations":[{"start":{"line":712,"column":10},"end":{"line":716,"column":null}},{"start":{},"end":{}}],"line":712},"58":{"loc":{"start":{"line":727,"column":29},"end":{"line":727,"column":99}},"type":"cond-expr","locations":[{"start":{"line":727,"column":41},"end":{"line":727,"column":61}},{"start":{"line":727,"column":61},"end":{"line":727,"column":99}}],"line":727},"59":{"loc":{"start":{"line":739,"column":4},"end":{"line":745,"column":null}},"type":"if","locations":[{"start":{"line":739,"column":4},"end":{"line":745,"column":null}},{"start":{},"end":{}}],"line":739},"60":{"loc":{"start":{"line":755,"column":2},"end":{"line":763,"column":null}},"type":"if","locations":[{"start":{"line":755,"column":2},"end":{"line":763,"column":null}},{"start":{},"end":{}}],"line":755},"61":{"loc":{"start":{"line":755,"column":6},"end":{"line":755,"column":44}},"type":"binary-expr","locations":[{"start":{"line":755,"column":6},"end":{"line":755,"column":20}},{"start":{"line":755,"column":20},"end":{"line":755,"column":44}}],"line":755},"62":{"loc":{"start":{"line":756,"column":28},"end":{"line":756,"column":80}},"type":"cond-expr","locations":[{"start":{"line":756,"column":40},"end":{"line":756,"column":60}},{"start":{"line":756,"column":60},"end":{"line":756,"column":80}}],"line":756},"63":{"loc":{"start":{"line":786,"column":2},"end":{"line":799,"column":null}},"type":"if","locations":[{"start":{"line":786,"column":2},"end":{"line":799,"column":null}},{"start":{"line":792,"column":9},"end":{"line":799,"column":null}}],"line":786},"64":{"loc":{"start":{"line":786,"column":6},"end":{"line":786,"column":42}},"type":"binary-expr","locations":[{"start":{"line":786,"column":6},"end":{"line":786,"column":19}},{"start":{"line":786,"column":19},"end":{"line":786,"column":42}}],"line":786},"65":{"loc":{"start":{"line":828,"column":2},"end":{"line":839,"column":null}},"type":"if","locations":[{"start":{"line":828,"column":2},"end":{"line":839,"column":null}},{"start":{},"end":{}}],"line":828},"66":{"loc":{"start":{"line":842,"column":2},"end":{"line":844,"column":null}},"type":"if","locations":[{"start":{"line":842,"column":2},"end":{"line":844,"column":null}},{"start":{},"end":{}}],"line":842}},"s":{"0":0,"1":0,"2":0,"3":0,"4":0,"5":0,"6":0,"7":0,"8":0,"9":0,"10":0,"11":0,"12":0,"13":0,"14":0,"15":0,"16":0,"17":0,"18":0,"19":0,"20":0,"21":0,"22":0,"23":0,"24":0,"25":0,"26":0,"27":0,"28":0,"29":0,"30":0,"31":0,"32":0,"33":0,"34":0,"35":0,"36":0,"37":0,"38":0,"39":0,"40":0,"41":0,"42":0,"43":0,"44":0,"45":0,"46":0,"47":0,"48":0,"49":0,"50":0,"51":0,"52":0,"53":0,"54":0,"55":0,"56":0,"57":0,"58":0,"59":0,"60":0,"61":0,"62":0,"63":0,"64":0,"65":0,"66":0,"67":0,"68":0,"69":0,"70":0,"71":0,"72":0,"73":0,"74":0,"75":0,"76":0,"77":0,"78":0,"79":0,"80":0,"81":0,"82":0,"83":0,"84":0,"85":0,"86":0,"87":0,"88":0,"89":0,"90":0,"91":0,"92":0,"93":0,"94":0,"95":0,"96":0,"97":0,"98":0,"99":0,"100":0,"101":0,"102":0,"103":0,"104":0,"105":0,"106":0,"107":0,"108":0,"109":0,"110":0,"111":0,"112":0,"113":0,"114":0,"115":0,"116":0,"117":0,"118":0,"119":0,"120":0,"121":0,"122":0,"123":0,"124":0,"125":0,"126":0,"127":0,"128":0,"129":0,"130":0,"131":0,"132":0,"133":0,"134":0,"135":0,"136":0,"137":0,"138":0,"139":0,"140":0,"141":0,"142":0,"143":0,"144":0,"145":0,"146":0,"147":0,"148":0,"149":0,"150":0,"151":0,"152":0,"153":0,"154":0,"155":0,"156":0,"157":0,"158":0,"159":0,"160":0,"161":0,"162":0,"163":0,"164":0,"165":0,"166":0,"167":0,"168":0,"169":0,"170":0,"171":0,"172":0,"173":0,"174":0,"175":0,"176":0,"177":0,"178":0,"179":0,"180":0,"181":0,"182":0,"183":0,"184":0,"185":0,"186":0,"187":0,"188":0,"189":0,"190":0,"191":0,"192":0,"193":0,"194":0,"195":0,"196":0,"197":0,"198":0,"199":0,"200":0,"201":0,"202":0,"203":0,"204":0,"205":0,"206":0,"207":0,"208":0,"209":0,"210":0,"211":0,"212":0,"213":0,"214":0,"215":0,"216":0,"217":0,"218":0,"219":0,"220":0,"221":0,"222":0,"223":0,"224":0,"225":0,"226":0,"227":0,"228":0,"229":0,"230":0,"231":0,"232":0,"233":0,"234":0,"235":0,"236":0,"237":0,"238":0,"239":0,"240":0,"241":0,"242":0,"243":0,"244":0,"245":0,"246":0,"247":0,"248":0,"249":0,"250":0,"251":0,"252":0,"253":0,"254":0,"255":0,"256":0,"257":0,"258":0,"259":0,"260":0,"261":0,"262":0,"263":0,"264":0,"265":0,"266":0,"267":0,"268":0,"269":0,"270":0,"271":0,"272":0,"273":0,"274":0,"275":0,"276":0,"277":0,"278":0,"279":0,"280":0,"281":0,"282":0,"283":0,"284":0,"285":0,"286":0,"287":0,"288":0,"289":0,"290":0,"291":0,"292":0,"293":0,"294":0,"295":0,"296":0,"297":0,"298":0,"299":0,"300":0,"301":0,"302":0,"303":0,"304":0,"305":0,"306":0,"307":0,"308":0,"309":0,"310":0,"311":0,"312":0,"313":0},"f":{"0":0,"1":0,"2":0,"3":0,"4":0,"5":0,"6":0,"7":0,"8":0,"9":0,"10":0,"11":0,"12":0,"13":0,"14":0,"15":0,"16":0,"17":0,"18":0,"19":0,"20":0,"21":0,"22":0,"23":0,"24":0,"25":0,"26":0,"27":0,"28":0,"29":0,"30":0,"31":0,"32":0,"33":0,"34":0,"35":0,"36":0,"37":0,"38":0,"39":0,"40":0,"41":0,"42":0},"b":{"0":[0,0],"1":[0,0],"2":[0,0],"3":[0,0],"4":[0,0],"5":[0,0],"6":[0,0],"7":[0,0],"8":[0,0],"9":[0,0],"10":[0,0],"11":[0,0],"12":[0,0],"13":[0,0],"14":[0,0],"15":[0,0],"16":[0,0],"17":[0,0],"18":[0,0],"19":[0,0],"20":[0,0],"21":[0,0],"22":[0,0],"23":[0,0],"24":[0,0],"25":[0,0],"26":[0,0],"27":[0,0],"28":[0,0],"29":[0,0],"30":[0,0],"31":[0,0],"32":[0,0],"33":[0,0],"34":[0,0],"35":[0,0],"36":[0,0],"37":[0,0,0,0,0,0],"38":[0,0],"39":[0,0],"40":[0,0],"41":[0,0],"42":[0,0],"43":[0,0],"44":[0,0],"45":[0,0],"46":[0,0],"47":[0,0],"48":[0,0],"49":[0,0],"50":[0,0],"51":[0,0],"52":[0,0],"53":[0,0],"54":[0,0],"55":[0,0],"56":[0,0],"57":[0,0],"58":[0,0],"59":[0,0],"60":[0,0],"61":[0,0],"62":[0,0],"63":[0,0],"64":[0,0],"65":[0,0],"66":[0,0]},"meta":{"lastBranch":67,"lastFunction":43,"lastStatement":314,"seen":{"s:31:13:31:Infinity":0,"b:31:22:31:42:31:42:31:48":0,"f:36:9:36:26":0,"s:37:2:37:Infinity":1,"s:45:14:51:Infinity":2,"b:46:8:46:34:46:34:46:Infinity":1,"b:47:17:47:43:47:43:47:49":2,"b:50:16:50:45:50:45:50:Infinity":3,"s:54:13:54:Infinity":3,"b:54:22:54:48:54:48:54:52":4,"s:55:17:55:Infinity":4,"b:55:28:55:58:55:58:55:63":5,"s:58:34:58:Infinity":5,"b:58:43:58:78:58:78:58:81":6,"s:59:34:59:Infinity":6,"b:59:43:59:78:59:78:59:84":7,"s:60:38:60:Infinity":7,"b:60:47:60:86:60:86:60:93":8,"s:61:30:61:Infinity":8,"b:61:39:61:81:61:81:61:88":9,"s:64:21:64:Infinity":9,"s:78:26:78:Infinity":10,"s:79:49:79:Infinity":11,"f:84:15:84:37":1,"s:85:2:97:Infinity":12,"s:87:4:92:Infinity":13,"f:89:18:89:19":2,"s:90:8:90:Infinity":14,"f:90:19:90:25":3,"s:90:25:90:68":15,"s:93:4:93:Infinity":16,"s:95:4:95:Infinity":17,"s:96:4:96:Infinity":18,"f:103:15:103:32":4,"s:104:2:104:Infinity":19,"s:107:2:111:Infinity":20,"s:108:4:108:Infinity":21,"s:114:2:114:Infinity":22,"s:117:20:117:Infinity":23,"b:118:2:127:Infinity:undefined:undefined:undefined:undefined":10,"s:118:2:127:Infinity":24,"s:119:4:125:Infinity":25,"s:126:4:126:Infinity":26,"s:128:2:128:Infinity":27,"f:134:15:134:52":5,"s:135:14:135:Infinity":28,"s:137:2:157:Infinity":29,"b:139:4:139:Infinity:undefined:undefined:undefined:undefined":11,"s:139:4:139:Infinity":30,"s:139:68:139:Infinity":31,"s:141:4:141:Infinity":32,"s:142:22:142:Infinity":33,"b:144:4:156:Infinity:152:4:156:Infinity":12,"s:144:4:156:Infinity":34,"s:145:6:145:Infinity":35,"s:146:6:146:Infinity":36,"s:148:26:148:Infinity":37,"b:149:6:151:Infinity:undefined:undefined:undefined:undefined":13,"s:149:6:151:Infinity":38,"s:150:8:150:Infinity":39,"b:152:4:156:Infinity:undefined:undefined:undefined:undefined":14,"s:152:4:156:Infinity":40,"s:154:6:154:Infinity":41,"s:155:6:155:Infinity":42,"f:163:9:163:35":6,"b:164:2:164:Infinity:undefined:undefined:undefined:undefined":15,"s:164:2:164:Infinity":43,"s:164:27:164:Infinity":44,"s:166:2:172:Infinity":45,"f:166:36:166:48":7,"s:167:4:171:Infinity":46,"s:168:6:168:Infinity":47,"s:170:6:170:Infinity":48,"s:174:2:174:Infinity":49,"f:180:9:180:34":8,"b:181:2:184:Infinity:undefined:undefined:undefined:undefined":16,"s:181:2:184:Infinity":50,"s:182:4:182:Infinity":51,"s:183:4:183:Infinity":52,"s:188:20:188:Infinity":53,"s:189:40:189:Infinity":54,"s:190:40:190:Infinity":55,"f:199:9:199:41":9,"s:206:4:207:Infinity":56,"s:213:2:231:Infinity":57,"f:237:9:237:29":10,"s:239:19:239:Infinity":58,"b:239:19:239:45:239:45:239:Infinity":17,"b:240:2:240:Infinity:undefined:undefined:undefined:undefined":18,"s:240:2:240:Infinity":59,"s:240:17:240:Infinity":60,"s:243:2:245:Infinity":61,"f:251:9:251:15":11,"s:252:2:252:Infinity":62,"f:252:21:252:32":12,"s:252:32:252:55":63,"f:258:15:258:32":13,"s:259:23:259:Infinity":64,"s:260:2:281:Infinity":65,"s:261:4:261:Infinity":66,"s:262:22:262:Infinity":67,"s:263:19:266:Infinity":68,"s:269:4:274:Infinity":69,"f:271:18:271:19":14,"s:272:8:272:Infinity":70,"f:272:19:272:25":15,"s:272:25:272:99":71,"s:276:4:276:Infinity":72,"s:277:4:277:Infinity":73,"s:279:4:279:Infinity":74,"s:280:4:280:Infinity":75,"f:287:15:287:41":16,"s:288:2:297:Infinity":76,"s:288:21:288:24":77,"s:289:19:289:Infinity":78,"b:290:4:290:Infinity:undefined:undefined:undefined:undefined":19,"s:290:4:290:Infinity":79,"s:290:16:290:Infinity":80,"b:292:4:296:Infinity:undefined:undefined:undefined:undefined":20,"s:292:4:296:Infinity":81,"s:293:20:293:Infinity":82,"s:294:6:294:Infinity":83,"s:295:6:295:Infinity":84,"s:299:2:299:Infinity":85,"s:300:2:300:Infinity":86,"f:306:15:306:31":17,"s:307:19:307:Infinity":87,"b:309:2:323:Infinity:undefined:undefined:undefined:undefined":21,"s:309:2:323:Infinity":88,"b:311:4:314:Infinity:undefined:undefined:undefined:undefined":22,"s:311:4:314:Infinity":89,"s:312:6:312:Infinity":90,"s:313:6:313:Infinity":91,"s:317:4:317:Infinity":92,"s:318:24:318:Infinity":93,"b:319:4:321:Infinity:undefined:undefined:undefined:undefined":23,"s:319:4:321:Infinity":94,"s:320:6:320:Infinity":95,"s:322:4:322:Infinity":96,"b:325:2:328:Infinity:undefined:undefined:undefined:undefined":24,"s:325:2:328:Infinity":97,"s:326:4:326:Infinity":98,"s:327:4:327:Infinity":99,"s:330:17:330:Infinity":100,"b:331:2:342:Infinity:undefined:undefined:undefined:undefined":25,"s:331:2:342:Infinity":101,"s:332:4:338:Infinity":102,"s:341:4:341:Infinity":103,"s:343:2:343:Infinity":104,"f:349:9:349:23":18,"s:351:16:351:Infinity":105,"b:352:2:352:Infinity:undefined:undefined:undefined:undefined":26,"s:352:2:352:Infinity":106,"s:352:14:352:Infinity":107,"s:354:19:354:Infinity":108,"s:355:17:355:Infinity":109,"b:356:2:356:Infinity:undefined:undefined:undefined:undefined":27,"s:356:2:356:Infinity":110,"s:356:36:356:Infinity":111,"s:358:23:358:Infinity":112,"s:359:2:359:Infinity":113,"f:365:15:365:43":19,"s:366:2:384:Infinity":114,"s:367:4:367:Infinity":115,"s:368:4:368:Infinity":116,"s:370:4:370:Infinity":117,"b:372:4:377:Infinity:375:11:377:Infinity":28,"s:372:4:377:Infinity":118,"s:373:6:373:Infinity":119,"s:374:6:374:Infinity":120,"s:376:6:376:Infinity":121,"s:379:4:379:Infinity":122,"s:380:4:380:Infinity":123,"s:382:4:382:Infinity":124,"s:383:4:383:Infinity":125,"f:390:15:390:44":20,"b:391:2:393:Infinity:undefined:undefined:undefined:undefined":29,"s:391:2:393:Infinity":126,"b:391:6:391:21:391:21:391:37":30,"s:392:4:392:Infinity":127,"b:394:2:396:Infinity:undefined:undefined:undefined:undefined":31,"s:394:2:396:Infinity":128,"s:395:4:395:Infinity":129,"f:406:9:406:35":21,"s:407:17:417:Infinity":130,"s:420:23:420:Infinity":131,"s:423:32:530:Infinity":132,"f:423:32:423:39":22,"s:424:4:424:Infinity":133,"s:427:21:427:Infinity":134,"b:428:4:437:Infinity:undefined:undefined:undefined:undefined":32,"s:428:4:437:Infinity":135,"s:429:6:429:Infinity":136,"s:430:6:436:Infinity":137,"s:440:19:440:Infinity":138,"b:441:4:450:Infinity:undefined:undefined:undefined:undefined":33,"s:441:4:450:Infinity":139,"s:442:6:442:Infinity":140,"s:443:6:449:Infinity":141,"s:452:39:452:Infinity":142,"s:453:20:453:Infinity":143,"s:456:4:520:Infinity":144,"s:456:23:456:26":145,"s:458:21:458:Infinity":146,"b:459:6:473:Infinity:undefined:undefined:undefined:undefined":34,"s:459:6:473:Infinity":147,"b:460:8:469:Infinity:undefined:undefined:undefined:undefined":35,"s:460:8:469:Infinity":148,"s:461:10:461:Infinity":149,"s:462:10:468:Infinity":150,"s:470:8:470:Infinity":151,"s:471:8:471:Infinity":152,"s:472:8:472:Infinity":153,"s:475:6:475:Infinity":154,"s:476:6:476:Infinity":155,"b:476:100:476:108:476:108:476:110":36,"s:478:24:478:Infinity":156,"s:479:6:519:Infinity":157,"s:480:23:483:Infinity":158,"s:484:25:484:Infinity":159,"s:485:8:485:Infinity":160,"s:486:8:486:Infinity":161,"s:488:25:488:Infinity":162,"s:489:30:489:Infinity":163,"s:490:8:490:Infinity":164,"s:493:34:498:Infinity":165,"b:493:34:493:Infinity:494:10:494:Infinity:495:10:495:Infinity:496:10:496:Infinity:497:10:497:Infinity:498:10:498:Infinity":37,"b:500:8:509:Infinity:undefined:undefined:undefined:undefined":38,"s:500:8:509:Infinity":166,"b:500:12:500:33:500:33:500:70":39,"s:502:23:502:Infinity":167,"b:503:10:505:Infinity:undefined:undefined:undefined:undefined":40,"s:503:10:505:Infinity":168,"s:504:12:504:Infinity":169,"s:506:10:506:Infinity":170,"s:507:10:507:Infinity":171,"s:508:10:508:Infinity":172,"s:512:8:518:Infinity":173,"s:523:4:529:Infinity":174,"s:533:2:611:Infinity":175,"f:542:4:542:11":23,"s:543:6:543:Infinity":176,"s:545:29:545:Infinity":177,"b:545:38:545:47:545:47:545:53":41,"s:546:6:546:Infinity":178,"s:547:24:547:Infinity":179,"s:549:20:552:Infinity":180,"s:554:23:554:Infinity":181,"s:555:6:555:Infinity":182,"b:556:6:558:Infinity:undefined:undefined:undefined:undefined":42,"s:556:6:558:Infinity":183,"s:557:8:557:Infinity":184,"f:557:76:557:81":24,"s:557:81:557:129":185,"s:561:28:561:Infinity":186,"s:562:6:590:Infinity":187,"s:563:24:563:Infinity":188,"b:566:8:566:Infinity:undefined:undefined:undefined:undefined":43,"s:566:8:566:Infinity":189,"s:566:39:566:Infinity":190,"s:568:8:568:Infinity":191,"s:569:8:576:Infinity":192,"b:573:25:573:45:573:45:573:Infinity":44,"s:580:8:589:Infinity":193,"f:586:10:586:17":25,"s:587:12:587:Infinity":194,"b:592:6:596:Infinity:594:13:596:Infinity":45,"s:592:6:596:Infinity":195,"s:593:8:593:Infinity":196,"s:595:8:595:Infinity":197,"s:599:23:602:Infinity":198,"f:599:33:599:34":26,"s:600:24:600:Infinity":199,"s:601:8:601:Infinity":200,"s:604:6:609:Infinity":201,"s:613:2:613:Infinity":202,"s:620:6:620:Infinity":203,"s:621:0:621:Infinity":204,"s:624:66:624:Infinity":205,"s:627:21:627:Infinity":206,"s:628:91:628:Infinity":207,"f:633:9:633:29":27,"s:634:2:634:Infinity":208,"f:640:9:640:13":28,"s:641:17:643:Infinity":209,"b:642:6:642:Infinity:643:6:643:Infinity":46,"b:641:17:641:30:641:30:641:Infinity":47,"s:644:2:644:Infinity":210,"s:648:0:674:Infinity":211,"f:648:19:648:20":29,"s:649:25:649:Infinity":212,"s:650:29:654:Infinity":213,"f:650:73:650:74":30,"s:650:90:654:4":214,"s:656:2:673:Infinity":215,"b:657:28:657:40:657:40:657:Infinity":48,"f:662:41:662:46":31,"s:662:46:662:55":216,"s:677:0:747:Infinity":217,"f:677:17:677:24":32,"s:678:20:678:Infinity":218,"s:679:17:679:Infinity":219,"b:679:17:679:37:679:37:679:Infinity":49,"b:681:2:683:Infinity:undefined:undefined:undefined:undefined":50,"s:681:2:683:Infinity":220,"b:681:6:681:19:681:19:681:43":51,"s:682:4:682:Infinity":221,"s:685:2:685:Infinity":222,"s:687:2:746:Infinity":223,"b:690:4:734:Infinity:694:4:734:Infinity":52,"s:690:4:734:Infinity":224,"b:690:8:690:21:690:21:690:44":53,"s:692:6:692:Infinity":225,"s:693:6:693:Infinity":226,"b:694:4:734:Infinity:725:11:734:Infinity":54,"s:694:4:734:Infinity":227,"b:694:15:694:29:694:16:694:60":55,"s:696:28:696:Infinity":228,"s:697:6:697:Infinity":229,"s:699:6:706:Infinity":230,"f:700:28:700:34":33,"s:700:28:700:Infinity":231,"f:701:30:701:31":34,"s:702:10:702:Infinity":232,"s:703:10:703:Infinity":233,"s:704:10:704:Infinity":234,"s:708:6:719:Infinity":235,"f:708:26:708:32":35,"s:709:20:709:Infinity":236,"b:710:8:718:Infinity:undefined:undefined:undefined:undefined":56,"s:710:8:718:Infinity":237,"s:711:23:711:Infinity":238,"b:712:10:716:Infinity:undefined:undefined:undefined:undefined":57,"s:712:10:716:Infinity":239,"s:713:29:713:Infinity":240,"s:714:12:714:Infinity":241,"s:715:12:715:Infinity":242,"s:717:10:717:Infinity":243,"s:722:21:722:Infinity":244,"s:723:6:723:Infinity":245,"s:724:6:724:Infinity":246,"s:727:6:727:Infinity":247,"b:727:41:727:61:727:61:727:99":58,"s:728:6:732:Infinity":248,"s:733:6:733:Infinity":249,"s:736:4:736:Infinity":250,"s:738:4:738:Infinity":251,"b:739:4:745:Infinity:undefined:undefined:undefined:undefined":59,"s:739:4:745:Infinity":252,"s:740:6:744:Infinity":253,"s:750:0:778:Infinity":254,"f:750:16:750:23":36,"s:751:20:751:Infinity":255,"s:753:2:753:Infinity":256,"b:755:2:763:Infinity:undefined:undefined:undefined:undefined":60,"s:755:2:763:Infinity":257,"b:755:6:755:20:755:20:755:44":61,"s:756:4:756:Infinity":258,"b:756:40:756:60:756:60:756:80":62,"s:757:4:761:Infinity":259,"s:762:4:762:Infinity":260,"s:765:2:765:Infinity":261,"s:768:2:770:Infinity":262,"f:768:18:768:24":37,"s:769:4:769:Infinity":263,"s:772:2:774:Infinity":264,"f:772:18:772:19":38,"s:773:4:773:Infinity":265,"s:776:20:776:Infinity":266,"s:777:2:777:Infinity":267,"s:781:0:800:Infinity":268,"f:781:19:781:26":39,"s:782:20:782:Infinity":269,"s:784:2:784:Infinity":270,"b:786:2:799:Infinity:792:9:799:Infinity":63,"s:786:2:799:Infinity":271,"b:786:6:786:19:786:19:786:42":64,"s:787:22:787:Infinity":272,"s:788:4:788:Infinity":273,"s:789:4:789:Infinity":274,"s:790:4:790:Infinity":275,"s:791:4:791:Infinity":276,"s:793:4:793:Infinity":277,"s:794:4:798:Infinity":278,"s:807:0:807:Infinity":279,"s:810:0:816:Infinity":280,"f:810:28:810:34":40,"s:811:2:811:Infinity":281,"s:812:2:812:Infinity":282,"s:813:2:813:Infinity":283,"s:814:2:814:Infinity":284,"s:815:2:815:Infinity":285,"s:819:0:862:Infinity":286,"f:819:21:819:33":41,"s:820:2:820:Infinity":287,"s:823:2:823:Infinity":288,"s:824:2:824:Infinity":289,"s:827:23:827:Infinity":290,"b:828:2:839:Infinity:undefined:undefined:undefined:undefined":65,"s:828:2:839:Infinity":291,"s:829:4:829:Infinity":292,"s:830:4:837:Infinity":293,"s:831:6:836:Infinity":294,"s:832:8:832:Infinity":295,"s:833:8:833:Infinity":296,"s:835:8:835:Infinity":297,"s:838:4:838:Infinity":298,"s:841:23:841:Infinity":299,"b:842:2:844:Infinity:undefined:undefined:undefined:undefined":66,"s:842:2:844:Infinity":300,"s:843:4:843:Infinity":301,"s:846:2:852:Infinity":302,"s:847:4:851:Infinity":303,"s:848:6:848:Infinity":304,"s:850:6:850:Infinity":305,"s:854:2:859:Infinity":306,"s:855:4:855:Infinity":307,"s:856:4:856:Infinity":308,"s:858:4:858:Infinity":309,"s:861:2:861:Infinity":310,"s:864:0:867:Infinity":311,"f:864:22:864:34":42,"s:865:2:865:Infinity":312,"s:866:2:866:Infinity":313}}}
,"/Users/paul.fournet/Work/mcp/dynamic-mcp/server/src/redis-vss.ts": {"path":"/Users/paul.fournet/Work/mcp/dynamic-mcp/server/src/redis-vss.ts","statementMap":{"0":{"start":{"line":52,"column":33},"end":{"line":52,"column":null}},"1":{"start":{"line":62,"column":8},"end":{"line":62,"column":null}},"2":{"start":{"line":64,"column":4},"end":{"line":64,"column":null}},"3":{"start":{"line":65,"column":4},"end":{"line":65,"column":null}},"4":{"start":{"line":68,"column":4},"end":{"line":85,"column":null}},"5":{"start":{"line":73,"column":10},"end":{"line":76,"column":null}},"6":{"start":{"line":74,"column":12},"end":{"line":74,"column":null}},"7":{"start":{"line":75,"column":12},"end":{"line":75,"column":null}},"8":{"start":{"line":78,"column":24},"end":{"line":78,"column":null}},"9":{"start":{"line":79,"column":10},"end":{"line":79,"column":null}},"10":{"start":{"line":80,"column":10},"end":{"line":80,"column":null}},"11":{"start":{"line":88,"column":4},"end":{"line":92,"column":null}},"12":{"start":{"line":95,"column":4},"end":{"line":99,"column":null}},"13":{"start":{"line":96,"column":6},"end":{"line":98,"column":null}},"14":{"start":{"line":97,"column":8},"end":{"line":97,"column":null}},"15":{"start":{"line":106,"column":4},"end":{"line":106,"column":null}},"16":{"start":{"line":106,"column":26},"end":{"line":106,"column":null}},"17":{"start":{"line":108,"column":4},"end":{"line":108,"column":null}},"18":{"start":{"line":109,"column":4},"end":{"line":109,"column":null}},"19":{"start":{"line":111,"column":4},"end":{"line":111,"column":null}},"20":{"start":{"line":112,"column":22},"end":{"line":112,"column":null}},"21":{"start":{"line":113,"column":4},"end":{"line":115,"column":null}},"22":{"start":{"line":114,"column":6},"end":{"line":114,"column":null}},"23":{"start":{"line":117,"column":4},"end":{"line":117,"column":null}},"24":{"start":{"line":118,"column":4},"end":{"line":118,"column":null}},"25":{"start":{"line":125,"column":4},"end":{"line":128,"column":null}},"26":{"start":{"line":126,"column":6},"end":{"line":126,"column":null}},"27":{"start":{"line":127,"column":6},"end":{"line":127,"column":null}},"28":{"start":{"line":136,"column":4},"end":{"line":186,"column":null}},"29":{"start":{"line":138,"column":6},"end":{"line":144,"column":null}},"30":{"start":{"line":139,"column":8},"end":{"line":139,"column":null}},"31":{"start":{"line":140,"column":8},"end":{"line":140,"column":null}},"32":{"start":{"line":141,"column":8},"end":{"line":141,"column":null}},"33":{"start":{"line":146,"column":6},"end":{"line":146,"column":null}},"34":{"start":{"line":148,"column":6},"end":{"line":180,"column":null}},"35":{"start":{"line":182,"column":6},"end":{"line":182,"column":null}},"36":{"start":{"line":184,"column":6},"end":{"line":184,"column":null}},"37":{"start":{"line":185,"column":6},"end":{"line":185,"column":null}},"38":{"start":{"line":194,"column":21},"end":{"line":194,"column":null}},"39":{"start":{"line":195,"column":22},"end":{"line":195,"column":null}},"40":{"start":{"line":198,"column":16},"end":{"line":198,"column":null}},"41":{"start":{"line":199,"column":4},"end":{"line":202,"column":null}},"42":{"start":{"line":210,"column":22},"end":{"line":210,"column":null}},"43":{"start":{"line":211,"column":18},"end":{"line":211,"column":null}},"44":{"start":{"line":214,"column":23},"end":{"line":214,"column":null}},"45":{"start":{"line":215,"column":24},"end":{"line":215,"column":null}},"46":{"start":{"line":217,"column":42},"end":{"line":217,"column":null}},"47":{"start":{"line":218,"column":20},"end":{"line":218,"column":null}},"48":{"start":{"line":221,"column":53},"end":{"line":221,"column":null}},"49":{"start":{"line":222,"column":4},"end":{"line":224,"column":null}},"50":{"start":{"line":222,"column":17},"end":{"line":222,"column":20}},"51":{"start":{"line":223,"column":6},"end":{"line":223,"column":null}},"52":{"start":{"line":227,"column":4},"end":{"line":244,"column":null}},"53":{"start":{"line":227,"column":17},"end":{"line":227,"column":20}},"54":{"start":{"line":228,"column":20},"end":{"line":228,"column":null}},"55":{"start":{"line":230,"column":6},"end":{"line":243,"column":null}},"56":{"start":{"line":231,"column":26},"end":{"line":231,"column":null}},"57":{"start":{"line":231,"column":71},"end":{"line":231,"column":100}},"58":{"start":{"line":232,"column":27},"end":{"line":232,"column":null}},"59":{"start":{"line":234,"column":8},"end":{"line":236,"column":null}},"60":{"start":{"line":234,"column":21},"end":{"line":234,"column":24}},"61":{"start":{"line":235,"column":10},"end":{"line":235,"column":null}},"62":{"start":{"line":239,"column":8},"end":{"line":239,"column":null}},"63":{"start":{"line":240,"column":8},"end":{"line":242,"column":null}},"64":{"start":{"line":241,"column":10},"end":{"line":241,"column":null}},"65":{"start":{"line":247,"column":21},"end":{"line":247,"column":null}},"66":{"start":{"line":249,"column":4},"end":{"line":255,"column":null}},"67":{"start":{"line":249,"column":17},"end":{"line":249,"column":20}},"68":{"start":{"line":250,"column":18},"end":{"line":250,"column":null}},"69":{"start":{"line":251,"column":6},"end":{"line":254,"column":null}},"70":{"start":{"line":257,"column":4},"end":{"line":257,"column":null}},"71":{"start":{"line":259,"column":21},"end":{"line":259,"column":null}},"72":{"start":{"line":260,"column":4},"end":{"line":260,"column":null}},"73":{"start":{"line":284,"column":8},"end":{"line":284,"column":null}},"74":{"start":{"line":286,"column":22},"end":{"line":286,"column":null}},"75":{"start":{"line":287,"column":23},"end":{"line":287,"column":null}},"76":{"start":{"line":290,"column":30},"end":{"line":290,"column":null}},"77":{"start":{"line":291,"column":4},"end":{"line":293,"column":null}},"78":{"start":{"line":292,"column":6},"end":{"line":292,"column":null}},"79":{"start":{"line":296,"column":27},"end":{"line":296,"column":null}},"80":{"start":{"line":297,"column":4},"end":{"line":297,"column":null}},"81":{"start":{"line":298,"column":24},"end":{"line":298,"column":null}},"82":{"start":{"line":300,"column":22},"end":{"line":300,"column":null}},"83":{"start":{"line":301,"column":4},"end":{"line":303,"column":null}},"84":{"start":{"line":302,"column":6},"end":{"line":302,"column":null}},"85":{"start":{"line":306,"column":4},"end":{"line":329,"column":null}},"86":{"start":{"line":307,"column":6},"end":{"line":325,"column":null}},"87":{"start":{"line":327,"column":6},"end":{"line":327,"column":null}},"88":{"start":{"line":328,"column":6},"end":{"line":328,"column":null}},"89":{"start":{"line":331,"column":4},"end":{"line":331,"column":null}},"90":{"start":{"line":334,"column":4},"end":{"line":353,"column":null}},"91":{"start":{"line":335,"column":22},"end":{"line":335,"column":null}},"92":{"start":{"line":336,"column":31},"end":{"line":336,"column":null}},"93":{"start":{"line":337,"column":20},"end":{"line":337,"column":null}},"94":{"start":{"line":339,"column":33},"end":{"line":347,"column":null}},"95":{"start":{"line":349,"column":6},"end":{"line":352,"column":null}},"96":{"start":{"line":356,"column":44},"end":{"line":359,"column":null}},"97":{"start":{"line":357,"column":35},"end":{"line":357,"column":58}},"98":{"start":{"line":358,"column":25},"end":{"line":358,"column":29}},"99":{"start":{"line":359,"column":22},"end":{"line":359,"column":39}},"100":{"start":{"line":360,"column":25},"end":{"line":360,"column":null}},"101":{"start":{"line":362,"column":21},"end":{"line":362,"column":null}},"102":{"start":{"line":363,"column":4},"end":{"line":363,"column":null}},"103":{"start":{"line":365,"column":4},"end":{"line":367,"column":null}},"104":{"start":{"line":366,"column":6},"end":{"line":366,"column":null}},"105":{"start":{"line":369,"column":4},"end":{"line":369,"column":null}},"106":{"start":{"line":376,"column":4},"end":{"line":381,"column":null}},"107":{"start":{"line":377,"column":19},"end":{"line":377,"column":null}},"108":{"start":{"line":378,"column":6},"end":{"line":378,"column":null}},"109":{"start":{"line":380,"column":6},"end":{"line":380,"column":null}},"110":{"start":{"line":389,"column":4},"end":{"line":389,"column":null}},"111":{"start":{"line":391,"column":17},"end":{"line":391,"column":null}},"112":{"start":{"line":392,"column":4},"end":{"line":394,"column":null}},"113":{"start":{"line":393,"column":6},"end":{"line":393,"column":null}},"114":{"start":{"line":396,"column":4},"end":{"line":396,"column":null}},"115":{"start":{"line":403,"column":4},"end":{"line":408,"column":null}},"116":{"start":{"line":404,"column":6},"end":{"line":404,"column":null}},"117":{"start":{"line":405,"column":6},"end":{"line":405,"column":null}},"118":{"start":{"line":414,"column":34},"end":{"line":414,"column":null}},"119":{"start":{"line":416,"column":4},"end":{"line":442,"column":null}},"120":{"start":{"line":418,"column":22},"end":{"line":425,"column":null}},"121":{"start":{"line":427,"column":6},"end":{"line":437,"column":null}},"122":{"start":{"line":428,"column":8},"end":{"line":436,"column":null}},"123":{"start":{"line":439,"column":6},"end":{"line":439,"column":null}},"124":{"start":{"line":441,"column":6},"end":{"line":441,"column":null}},"125":{"start":{"line":444,"column":4},"end":{"line":444,"column":null}},"126":{"start":{"line":455,"column":25},"end":{"line":455,"column":null}},"127":{"start":{"line":456,"column":29},"end":{"line":456,"column":null}},"128":{"start":{"line":457,"column":22},"end":{"line":457,"column":null}},"129":{"start":{"line":459,"column":4},"end":{"line":463,"column":null}}},"fnMap":{"0":{"name":"(anonymous_0)","decl":{"start":{"line":54,"column":2},"end":{"line":54,"column":14}},"loc":{"start":{"line":54,"column":43},"end":{"line":100,"column":null}},"line":54},"1":{"name":"(anonymous_1)","decl":{"start":{"line":72,"column":27},"end":{"line":72,"column":28}},"loc":{"start":{"line":72,"column":40},"end":{"line":81,"column":null}},"line":72},"2":{"name":"(anonymous_2)","decl":{"start":{"line":95,"column":28},"end":{"line":95,"column":29}},"loc":{"start":{"line":95,"column":37},"end":{"line":99,"column":5}},"line":95},"3":{"name":"(anonymous_3)","decl":{"start":{"line":105,"column":8},"end":{"line":105,"column":33}},"loc":{"start":{"line":105,"column":33},"end":{"line":119,"column":null}},"line":105},"4":{"name":"(anonymous_4)","decl":{"start":{"line":124,"column":8},"end":{"line":124,"column":36}},"loc":{"start":{"line":124,"column":36},"end":{"line":129,"column":null}},"line":124},"5":{"name":"(anonymous_5)","decl":{"start":{"line":135,"column":8},"end":{"line":135,"column":37}},"loc":{"start":{"line":135,"column":37},"end":{"line":187,"column":null}},"line":135},"6":{"name":"(anonymous_6)","decl":{"start":{"line":192,"column":8},"end":{"line":192,"column":18}},"loc":{"start":{"line":192,"column":53},"end":{"line":203,"column":null}},"line":192},"7":{"name":"(anonymous_7)","decl":{"start":{"line":209,"column":8},"end":{"line":209,"column":19}},"loc":{"start":{"line":209,"column":112},"end":{"line":261,"column":null}},"line":209},"8":{"name":"(anonymous_8)","decl":{"start":{"line":230,"column":34},"end":{"line":230,"column":41}},"loc":{"start":{"line":230,"column":51},"end":{"line":243,"column":7}},"line":230},"9":{"name":"(anonymous_9)","decl":{"start":{"line":231,"column":66},"end":{"line":231,"column":71}},"loc":{"start":{"line":231,"column":71},"end":{"line":231,"column":100}},"line":231},"10":{"name":"(anonymous_10)","decl":{"start":{"line":272,"column":8},"end":{"line":272,"column":null}},"loc":{"start":{"line":279,"column":29},"end":{"line":370,"column":null}},"line":279},"11":{"name":"(anonymous_11)","decl":{"start":{"line":357,"column":14},"end":{"line":357,"column":15}},"loc":{"start":{"line":357,"column":35},"end":{"line":357,"column":58}},"line":357},"12":{"name":"(anonymous_12)","decl":{"start":{"line":358,"column":11},"end":{"line":358,"column":12}},"loc":{"start":{"line":358,"column":25},"end":{"line":358,"column":29}},"line":358},"13":{"name":"(anonymous_13)","decl":{"start":{"line":359,"column":12},"end":{"line":359,"column":13}},"loc":{"start":{"line":359,"column":22},"end":{"line":359,"column":39}},"line":359},"14":{"name":"(anonymous_14)","decl":{"start":{"line":375,"column":8},"end":{"line":375,"column":40}},"loc":{"start":{"line":375,"column":40},"end":{"line":382,"column":null}},"line":375},"15":{"name":"(anonymous_15)","decl":{"start":{"line":388,"column":8},"end":{"line":388,"column":36}},"loc":{"start":{"line":388,"column":36},"end":{"line":397,"column":null}},"line":388},"16":{"name":"(anonymous_16)","decl":{"start":{"line":402,"column":8},"end":{"line":402,"column":35}},"loc":{"start":{"line":402,"column":35},"end":{"line":409,"column":null}},"line":402},"17":{"name":"(anonymous_17)","decl":{"start":{"line":413,"column":8},"end":{"line":413,"column":47}},"loc":{"start":{"line":413,"column":47},"end":{"line":445,"column":null}},"line":413},"18":{"name":"(anonymous_18)","decl":{"start":{"line":450,"column":8},"end":{"line":450,"column":null}},"loc":{"start":{"line":454,"column":5},"end":{"line":464,"column":null}},"line":454}},"branchMap":{"0":{"loc":{"start":{"line":54,"column":14},"end":{"line":54,"column":43}},"type":"default-arg","locations":[{"start":{"line":54,"column":39},"end":{"line":54,"column":43}}],"line":54},"1":{"loc":{"start":{"line":56,"column":6},"end":{"line":56,"column":null}},"type":"default-arg","locations":[{"start":{"line":56,"column":13},"end":{"line":56,"column":null}}],"line":56},"2":{"loc":{"start":{"line":57,"column":6},"end":{"line":57,"column":null}},"type":"default-arg","locations":[{"start":{"line":57,"column":13},"end":{"line":57,"column":null}}],"line":57},"3":{"loc":{"start":{"line":59,"column":6},"end":{"line":59,"column":null}},"type":"default-arg","locations":[{"start":{"line":59,"column":18},"end":{"line":59,"column":null}}],"line":59},"4":{"loc":{"start":{"line":60,"column":6},"end":{"line":60,"column":null}},"type":"default-arg","locations":[{"start":{"line":60,"column":28},"end":{"line":60,"column":null}}],"line":60},"5":{"loc":{"start":{"line":61,"column":6},"end":{"line":61,"column":null}},"type":"default-arg","locations":[{"start":{"line":61,"column":21},"end":{"line":61,"column":null}}],"line":61},"6":{"loc":{"start":{"line":73,"column":10},"end":{"line":76,"column":null}},"type":"if","locations":[{"start":{"line":73,"column":10},"end":{"line":76,"column":null}},{"start":{},"end":{}}],"line":73},"7":{"loc":{"start":{"line":96,"column":6},"end":{"line":98,"column":null}},"type":"if","locations":[{"start":{"line":96,"column":6},"end":{"line":98,"column":null}},{"start":{},"end":{}}],"line":96},"8":{"loc":{"start":{"line":106,"column":4},"end":{"line":106,"column":null}},"type":"if","locations":[{"start":{"line":106,"column":4},"end":{"line":106,"column":null}},{"start":{},"end":{}}],"line":106},"9":{"loc":{"start":{"line":113,"column":4},"end":{"line":115,"column":null}},"type":"if","locations":[{"start":{"line":113,"column":4},"end":{"line":115,"column":null}},{"start":{},"end":{}}],"line":113},"10":{"loc":{"start":{"line":125,"column":4},"end":{"line":128,"column":null}},"type":"if","locations":[{"start":{"line":125,"column":4},"end":{"line":128,"column":null}},{"start":{},"end":{}}],"line":125},"11":{"loc":{"start":{"line":240,"column":8},"end":{"line":242,"column":null}},"type":"if","locations":[{"start":{"line":240,"column":8},"end":{"line":242,"column":null}},{"start":{},"end":{}}],"line":240},"12":{"loc":{"start":{"line":274,"column":4},"end":{"line":278,"column":null}},"type":"default-arg","locations":[{"start":{"line":278,"column":8},"end":{"line":278,"column":null}}],"line":274},"13":{"loc":{"start":{"line":281,"column":6},"end":{"line":281,"column":null}},"type":"default-arg","locations":[{"start":{"line":281,"column":13},"end":{"line":281,"column":null}}],"line":281},"14":{"loc":{"start":{"line":282,"column":6},"end":{"line":282,"column":null}},"type":"default-arg","locations":[{"start":{"line":282,"column":17},"end":{"line":282,"column":null}}],"line":282},"15":{"loc":{"start":{"line":291,"column":4},"end":{"line":293,"column":null}},"type":"if","locations":[{"start":{"line":291,"column":4},"end":{"line":293,"column":null}},{"start":{},"end":{}}],"line":291},"16":{"loc":{"start":{"line":291,"column":8},"end":{"line":291,"column":43}},"type":"binary-expr","locations":[{"start":{"line":291,"column":8},"end":{"line":291,"column":21}},{"start":{"line":291,"column":21},"end":{"line":291,"column":43}}],"line":291},"17":{"loc":{"start":{"line":301,"column":4},"end":{"line":303,"column":null}},"type":"if","locations":[{"start":{"line":301,"column":4},"end":{"line":303,"column":null}},{"start":{},"end":{}}],"line":301},"18":{"loc":{"start":{"line":337,"column":35},"end":{"line":337,"column":109}},"type":"cond-expr","locations":[{"start":{"line":337,"column":69},"end":{"line":337,"column":83}},{"start":{"line":337,"column":83},"end":{"line":337,"column":109}}],"line":337},"19":{"loc":{"start":{"line":337,"column":90},"end":{"line":337,"column":108}},"type":"binary-expr","locations":[{"start":{"line":337,"column":90},"end":{"line":337,"column":105}},{"start":{"line":337,"column":105},"end":{"line":337,"column":108}}],"line":337},"20":{"loc":{"start":{"line":365,"column":4},"end":{"line":367,"column":null}},"type":"if","locations":[{"start":{"line":365,"column":4},"end":{"line":367,"column":null}},{"start":{},"end":{}}],"line":365},"21":{"loc":{"start":{"line":378,"column":23},"end":{"line":378,"column":51}},"type":"binary-expr","locations":[{"start":{"line":378,"column":23},"end":{"line":378,"column":48}},{"start":{"line":378,"column":48},"end":{"line":378,"column":51}}],"line":378},"22":{"loc":{"start":{"line":392,"column":4},"end":{"line":394,"column":null}},"type":"if","locations":[{"start":{"line":392,"column":4},"end":{"line":394,"column":null}},{"start":{},"end":{}}],"line":392},"23":{"loc":{"start":{"line":435,"column":20},"end":{"line":435,"column":null}},"type":"cond-expr","locations":[{"start":{"line":435,"column":41},"end":{"line":435,"column":84}},{"start":{"line":435,"column":84},"end":{"line":435,"column":null}}],"line":435},"24":{"loc":{"start":{"line":455,"column":25},"end":{"line":455,"column":null}},"type":"binary-expr","locations":[{"start":{"line":455,"column":25},"end":{"line":455,"column":45}},{"start":{"line":455,"column":45},"end":{"line":455,"column":null}}],"line":455}},"s":{"0":0,"1":0,"2":0,"3":0,"4":0,"5":0,"6":0,"7":0,"8":0,"9":0,"10":0,"11":0,"12":0,"13":0,"14":0,"15":0,"16":0,"17":0,"18":0,"19":0,"20":0,"21":0,"22":0,"23":0,"24":0,"25":0,"26":0,"27":0,"28":0,"29":0,"30":0,"31":0,"32":0,"33":0,"34":0,"35":0,"36":0,"37":0,"38":0,"39":0,"40":0,"41":0,"42":0,"43":0,"44":0,"45":0,"46":0,"47":0,"48":0,"49":0,"50":0,"51":0,"52":0,"53":0,"54":0,"55":0,"56":0,"57":0,"58":0,"59":0,"60":0,"61":0,"62":0,"63":0,"64":0,"65":0,"66":0,"67":0,"68":0,"69":0,"70":0,"71":0,"72":0,"73":0,"74":0,"75":0,"76":0,"77":0,"78":0,"79":0,"80":0,"81":0,"82":0,"83":0,"84":0,"85":0,"86":0,"87":0,"88":0,"89":0,"90":0,"91":0,"92":0,"93":0,"94":0,"95":0,"96":0,"97":0,"98":0,"99":0,"100":0,"101":0,"102":0,"103":0,"104":0,"105":0,"106":0,"107":0,"108":0,"109":0,"110":0,"111":0,"112":0,"113":0,"114":0,"115":0,"116":0,"117":0,"118":0,"119":0,"120":0,"121":0,"122":0,"123":0,"124":0,"125":0,"126":0,"127":0,"128":0,"129":0},"f":{"0":0,"1":0,"2":0,"3":0,"4":0,"5":0,"6":0,"7":0,"8":0,"9":0,"10":0,"11":0,"12":0,"13":0,"14":0,"15":0,"16":0,"17":0,"18":0},"b":{"0":[0],"1":[0],"2":[0],"3":[0],"4":[0],"5":[0],"6":[0,0],"7":[0,0],"8":[0,0],"9":[0,0],"10":[0,0],"11":[0,0],"12":[0],"13":[0],"14":[0],"15":[0,0],"16":[0,0],"17":[0,0],"18":[0,0],"19":[0,0],"20":[0,0],"21":[0,0],"22":[0,0],"23":[0,0],"24":[0,0]},"meta":{"lastBranch":25,"lastFunction":19,"lastStatement":130,"seen":{"s:52:33:52:Infinity":0,"f:54:2:54:14":0,"b:54:39:54:43":0,"s:62:8:62:Infinity":1,"b:56:13:56:Infinity":1,"b:57:13:57:Infinity":2,"b:59:18:59:Infinity":3,"b:60:28:60:Infinity":4,"b:61:21:61:Infinity":5,"s:64:4:64:Infinity":2,"s:65:4:65:Infinity":3,"s:68:4:85:Infinity":4,"f:72:27:72:28":1,"b:73:10:76:Infinity:undefined:undefined:undefined:undefined":6,"s:73:10:76:Infinity":5,"s:74:12:74:Infinity":6,"s:75:12:75:Infinity":7,"s:78:24:78:Infinity":8,"s:79:10:79:Infinity":9,"s:80:10:80:Infinity":10,"s:88:4:92:Infinity":11,"s:95:4:99:Infinity":12,"f:95:28:95:29":2,"b:96:6:98:Infinity:undefined:undefined:undefined:undefined":7,"s:96:6:98:Infinity":13,"s:97:8:97:Infinity":14,"f:105:8:105:33":3,"b:106:4:106:Infinity:undefined:undefined:undefined:undefined":8,"s:106:4:106:Infinity":15,"s:106:26:106:Infinity":16,"s:108:4:108:Infinity":17,"s:109:4:109:Infinity":18,"s:111:4:111:Infinity":19,"s:112:22:112:Infinity":20,"b:113:4:115:Infinity:undefined:undefined:undefined:undefined":9,"s:113:4:115:Infinity":21,"s:114:6:114:Infinity":22,"s:117:4:117:Infinity":23,"s:118:4:118:Infinity":24,"f:124:8:124:36":4,"b:125:4:128:Infinity:undefined:undefined:undefined:undefined":10,"s:125:4:128:Infinity":25,"s:126:6:126:Infinity":26,"s:127:6:127:Infinity":27,"f:135:8:135:37":5,"s:136:4:186:Infinity":28,"s:138:6:144:Infinity":29,"s:139:8:139:Infinity":30,"s:140:8:140:Infinity":31,"s:141:8:141:Infinity":32,"s:146:6:146:Infinity":33,"s:148:6:180:Infinity":34,"s:182:6:182:Infinity":35,"s:184:6:184:Infinity":36,"s:185:6:185:Infinity":37,"f:192:8:192:18":6,"s:194:21:194:Infinity":38,"s:195:22:195:Infinity":39,"s:198:16:198:Infinity":40,"s:199:4:202:Infinity":41,"f:209:8:209:19":7,"s:210:22:210:Infinity":42,"s:211:18:211:Infinity":43,"s:214:23:214:Infinity":44,"s:215:24:215:Infinity":45,"s:217:42:217:Infinity":46,"s:218:20:218:Infinity":47,"s:221:53:221:Infinity":48,"s:222:4:224:Infinity":49,"s:222:17:222:20":50,"s:223:6:223:Infinity":51,"s:227:4:244:Infinity":52,"s:227:17:227:20":53,"s:228:20:228:Infinity":54,"s:230:6:243:Infinity":55,"f:230:34:230:41":8,"s:231:26:231:Infinity":56,"f:231:66:231:71":9,"s:231:71:231:100":57,"s:232:27:232:Infinity":58,"s:234:8:236:Infinity":59,"s:234:21:234:24":60,"s:235:10:235:Infinity":61,"s:239:8:239:Infinity":62,"b:240:8:242:Infinity:undefined:undefined:undefined:undefined":11,"s:240:8:242:Infinity":63,"s:241:10:241:Infinity":64,"s:247:21:247:Infinity":65,"s:249:4:255:Infinity":66,"s:249:17:249:20":67,"s:250:18:250:Infinity":68,"s:251:6:254:Infinity":69,"s:257:4:257:Infinity":70,"s:259:21:259:Infinity":71,"s:260:4:260:Infinity":72,"f:272:8:272:Infinity":10,"b:278:8:278:Infinity":12,"s:284:8:284:Infinity":73,"b:281:13:281:Infinity":13,"b:282:17:282:Infinity":14,"s:286:22:286:Infinity":74,"s:287:23:287:Infinity":75,"s:290:30:290:Infinity":76,"b:291:4:293:Infinity:undefined:undefined:undefined:undefined":15,"s:291:4:293:Infinity":77,"b:291:8:291:21:291:21:291:43":16,"s:292:6:292:Infinity":78,"s:296:27:296:Infinity":79,"s:297:4:297:Infinity":80,"s:298:24:298:Infinity":81,"s:300:22:300:Infinity":82,"b:301:4:303:Infinity:undefined:undefined:undefined:undefined":17,"s:301:4:303:Infinity":83,"s:302:6:302:Infinity":84,"s:306:4:329:Infinity":85,"s:307:6:325:Infinity":86,"s:327:6:327:Infinity":87,"s:328:6:328:Infinity":88,"s:331:4:331:Infinity":89,"s:334:4:353:Infinity":90,"s:335:22:335:Infinity":91,"s:336:31:336:Infinity":92,"s:337:20:337:Infinity":93,"b:337:69:337:83:337:83:337:109":18,"b:337:90:337:105:337:105:337:108":19,"s:339:33:347:Infinity":94,"s:349:6:352:Infinity":95,"s:356:44:359:Infinity":96,"f:357:14:357:15":11,"s:357:35:357:58":97,"f:358:11:358:12":12,"s:358:25:358:29":98,"f:359:12:359:13":13,"s:359:22:359:39":99,"s:360:25:360:Infinity":100,"s:362:21:362:Infinity":101,"s:363:4:363:Infinity":102,"b:365:4:367:Infinity:undefined:undefined:undefined:undefined":20,"s:365:4:367:Infinity":103,"s:366:6:366:Infinity":104,"s:369:4:369:Infinity":105,"f:375:8:375:40":14,"s:376:4:381:Infinity":106,"s:377:19:377:Infinity":107,"s:378:6:378:Infinity":108,"b:378:23:378:48:378:48:378:51":21,"s:380:6:380:Infinity":109,"f:388:8:388:36":15,"s:389:4:389:Infinity":110,"s:391:17:391:Infinity":111,"b:392:4:394:Infinity:undefined:undefined:undefined:undefined":22,"s:392:4:394:Infinity":112,"s:393:6:393:Infinity":113,"s:396:4:396:Infinity":114,"f:402:8:402:35":16,"s:403:4:408:Infinity":115,"s:404:6:404:Infinity":116,"s:405:6:405:Infinity":117,"f:413:8:413:47":17,"s:414:34:414:Infinity":118,"s:416:4:442:Infinity":119,"s:418:22:425:Infinity":120,"s:427:6:437:Infinity":121,"s:428:8:436:Infinity":122,"b:435:41:435:84:435:84:435:Infinity":23,"s:439:6:439:Infinity":123,"s:441:6:441:Infinity":124,"s:444:4:444:Infinity":125,"f:450:8:450:Infinity":18,"s:455:25:455:Infinity":126,"b:455:25:455:45:455:45:455:Infinity":24,"s:456:29:456:Infinity":127,"s:457:22:457:Infinity":128,"s:459:4:463:Infinity":129}}}
}
